{"meta": {"format": 3, "version": "7.13.5", "timestamp": "2026-05-05T22:51:50.168267", "branch_coverage": false, "show_contexts": false}, "files": {"src/xauusd_ai/__init__.py": {"executed_lines": [1, 3], "summary": {"covered_lines": 2, "num_statements": 2, "percent_covered": 100.0, "percent_covered_display": "100", "missing_lines": 0, "excluded_lines": 0, "percent_statements_covered": 100.0, "percent_statements_covered_display": "100"}, "missing_lines": [], "excluded_lines": [], "functions": {"": {"executed_lines": [1, 3], "summary": {"covered_lines": 2, "num_statements": 2, "percent_covered": 100.0, "percent_covered_display": "100", "missing_lines": 0, "excluded_lines": 0, "percent_statements_covered": 100.0, "percent_statements_covered_display": "100"}, "missing_lines": [], "excluded_lines": [], "start_line": 1}}, "classes": {"": {"executed_lines": [1, 3], "summary": {"covered_lines": 2, "num_statements": 2, "percent_covered": 100.0, "percent_covered_display": "100", "missing_lines": 0, "excluded_lines": 0, "percent_statements_covered": 100.0, "percent_statements_covered_display": "100"}, "missing_lines": [], "excluded_lines": [], "start_line": 1}}}, "src/xauusd_ai/api/__init__.py": {"executed_lines": [], "summary": {"covered_lines": 0, "num_statements": 0, "percent_covered": 100.0, "percent_covered_display": "100", "missing_lines": 0, "excluded_lines": 0, "percent_statements_covered": 100.0, "percent_statements_covered_display": "100"}, "missing_lines": [], "excluded_lines": [], "functions": {"": {"executed_lines": [], "summary": {"covered_lines": 0, "num_statements": 0, "percent_covered": 100.0, "percent_covered_display": "100", "missing_lines": 0, "excluded_lines": 0, "percent_statements_covered": 100.0, "percent_statements_covered_display": "100"}, "missing_lines": [], "excluded_lines": [], "start_line": 1}}, "classes": {"": {"executed_lines": [], "summary": {"covered_lines": 0, "num_statements": 0, "percent_covered": 100.0, "percent_covered_display": "100", "missing_lines": 0, "excluded_lines": 0, "percent_statements_covered": 100.0, "percent_statements_covered_display": "100"}, "missing_lines": [], "excluded_lines": [], "start_line": 1}}}, "src/xauusd_ai/api/main.py": {"executed_lines": [], "summary": {"covered_lines": 0, "num_statements": 1271, "percent_covered": 0.0, "percent_covered_display": "0", "missing_lines": 1271, "excluded_lines": 0, "percent_statements_covered": 0.0, "percent_statements_covered_display": "0"}, "missing_lines": [17, 19, 20, 21, 22, 23, 24, 25, 26, 27, 29, 30, 31, 32, 33, 35, 39, 45, 54, 55, 56, 57, 58, 59, 60, 63, 64, 65, 66, 67, 68, 72, 73, 74, 78, 90, 91, 92, 93, 95, 126, 143, 172, 174, 175, 176, 178, 179, 180, 183, 184, 185, 188, 189, 190, 191, 192, 195, 196, 197, 198, 199, 200, 201, 202, 203, 204, 205, 208, 210, 211, 212, 215, 217, 218, 223, 224, 225, 226, 227, 234, 237, 239, 240, 241, 242, 243, 244, 245, 246, 247, 248, 249, 250, 251, 252, 253, 254, 258, 259, 264, 269, 270, 271, 314, 315, 318, 323, 324, 325, 327, 328, 329, 331, 332, 333, 334, 335, 337, 338, 339, 340, 341, 342, 343, 344, 345, 348, 353, 354, 355, 356, 357, 358, 359, 360, 361, 364, 365, 366, 367, 368, 369, 370, 373, 374, 375, 376, 377, 378, 379, 382, 383, 384, 385, 386, 389, 390, 391, 392, 395, 396, 397, 398, 400, 401, 402, 403, 405, 406, 407, 408, 409, 410, 411, 412, 413, 415, 418, 419, 420, 421, 422, 423, 425, 426, 427, 428, 430, 433, 434, 435, 438, 439, 440, 443, 444, 445, 448, 449, 450, 453, 454, 457, 458, 459, 460, 461, 462, 463, 464, 467, 469, 470, 471, 472, 473, 475, 476, 477, 478, 479, 480, 482, 483, 484, 485, 486, 487, 489, 490, 491, 492, 493, 494, 495, 498, 499, 500, 501, 502, 504, 505, 506, 507, 508, 509, 510, 511, 512, 513, 514, 515, 516, 517, 518, 521, 522, 523, 524, 525, 526, 527, 528, 531, 532, 533, 534, 535, 538, 539, 540, 541, 542, 545, 546, 547, 549, 550, 551, 552, 553, 554, 555, 556, 557, 558, 559, 560, 561, 562, 563, 564, 565, 566, 567, 568, 569, 590, 602, 614, 615, 616, 617, 618, 619, 621, 622, 623, 624, 625, 626, 627, 628, 629, 630, 631, 632, 633, 634, 635, 636, 638, 639, 640, 641, 642, 643, 644, 645, 646, 647, 648, 649, 650, 651, 652, 653, 654, 655, 656, 657, 658, 659, 660, 661, 662, 663, 664, 665, 666, 667, 668, 669, 670, 671, 673, 674, 675, 676, 677, 678, 679, 680, 681, 682, 684, 685, 686, 687, 688, 689, 690, 692, 720, 722, 723, 724, 725, 726, 727, 728, 729, 730, 731, 732, 733, 734, 735, 736, 737, 739, 740, 741, 742, 743, 744, 747, 748, 749, 750, 751, 752, 753, 754, 755, 756, 757, 758, 759, 760, 761, 762, 763, 764, 765, 766, 767, 768, 769, 770, 771, 772, 773, 774, 777, 778, 779, 780, 781, 782, 783, 786, 787, 788, 789, 790, 791, 792, 793, 794, 795, 796, 799, 800, 801, 802, 803, 804, 805, 806, 807, 810, 811, 812, 813, 814, 815, 816, 817, 818, 819, 820, 821, 822, 823, 824, 825, 826, 827, 828, 840, 841, 842, 852, 858, 859, 860, 861, 862, 863, 870, 872, 873, 874, 875, 876, 877, 878, 879, 880, 881, 882, 883, 884, 885, 886, 887, 888, 889, 899, 904, 905, 906, 907, 908, 910, 917, 922, 926, 927, 928, 929, 931, 932, 934, 935, 936, 937, 938, 940, 941, 943, 944, 945, 949, 950, 952, 953, 961, 986, 987, 988, 989, 990, 993, 994, 995, 996, 997, 998, 999, 1000, 1001, 1002, 1003, 1004, 1005, 1006, 1007, 1008, 1009, 1010, 1013, 1018, 1019, 1020, 1021, 1022, 1024, 1025, 1026, 1027, 1028, 1029, 1038, 1040, 1041, 1042, 1043, 1044, 1045, 1046, 1047, 1048, 1049, 1050, 1051, 1052, 1053, 1054, 1055, 1056, 1057, 1058, 1059, 1069, 1070, 1071, 1072, 1074, 1075, 1076, 1077, 1078, 1080, 1081, 1082, 1083, 1085, 1086, 1087, 1088, 1089, 1090, 1091, 1092, 1108, 1112, 1119, 1122, 1123, 1124, 1125, 1129, 1135, 1142, 1143, 1145, 1162, 1163, 1166, 1167, 1168, 1169, 1170, 1171, 1174, 1176, 1177, 1178, 1179, 1180, 1181, 1182, 1183, 1184, 1185, 1186, 1187, 1188, 1189, 1190, 1193, 1195, 1196, 1197, 1201, 1202, 1203, 1204, 1205, 1206, 1207, 1209, 1211, 1212, 1213, 1214, 1215, 1217, 1218, 1221, 1222, 1223, 1224, 1225, 1226, 1227, 1228, 1229, 1230, 1231, 1233, 1234, 1235, 1236, 1238, 1239, 1242, 1244, 1245, 1246, 1247, 1248, 1249, 1250, 1251, 1252, 1253, 1254, 1255, 1256, 1259, 1260, 1261, 1263, 1264, 1266, 1267, 1270, 1275, 1277, 1281, 1282, 1283, 1284, 1286, 1287, 1288, 1289, 1290, 1291, 1292, 1293, 1295, 1297, 1298, 1299, 1300, 1301, 1302, 1303, 1304, 1305, 1306, 1307, 1308, 1309, 1310, 1312, 1313, 1314, 1315, 1316, 1317, 1319, 1320, 1321, 1322, 1323, 1324, 1328, 1334, 1339, 1340, 1341, 1342, 1343, 1344, 1345, 1346, 1347, 1348, 1349, 1350, 1351, 1354, 1356, 1358, 1359, 1361, 1362, 1363, 1366, 1371, 1372, 1373, 1374, 1375, 1377, 1378, 1379, 1380, 1382, 1383, 1385, 1386, 1387, 1389, 1390, 1391, 1393, 1394, 1395, 1397, 1416, 1417, 1418, 1419, 1421, 1429, 1431, 1433, 1434, 1436, 1437, 1439, 1440, 1442, 1443, 1445, 1446, 1447, 1448, 1449, 1450, 1451, 1453, 1456, 1457, 1458, 1459, 1460, 1461, 1462, 1463, 1464, 1465, 1471, 1472, 1473, 1475, 1480, 1481, 1482, 1483, 1484, 1485, 1487, 1488, 1489, 1490, 1491, 1492, 1494, 1495, 1496, 1502, 1503, 1504, 1506, 1507, 1509, 1510, 1511, 1512, 1513, 1514, 1515, 1516, 1517, 1518, 1519, 1520, 1521, 1522, 1523, 1524, 1525, 1526, 1527, 1528, 1529, 1530, 1533, 1534, 1535, 1536, 1553, 1554, 1555, 1556, 1557, 1560, 1561, 1562, 1568, 1627, 1636, 1638, 1639, 1640, 1641, 1642, 1643, 1644, 1645, 1646, 1651, 1652, 1653, 1656, 1658, 1659, 1660, 1661, 1664, 1666, 1667, 1668, 1669, 1672, 1674, 1675, 1676, 1677, 1680, 1681, 1682, 1687, 1688, 1689, 1692, 1693, 1694, 1695, 1696, 1697, 1700, 1701, 1702, 1703, 1704, 1709, 1710, 1711, 1714, 1715, 1716, 1717, 1718, 1719, 1720, 1721, 1724, 1725, 1726, 1727, 1728, 1731, 1732, 1733, 1734, 1735, 1736, 1737, 1739, 1744, 1745, 1746, 1747, 1748, 1750, 1755, 1756, 1762, 1763, 1764, 1765, 1766, 1767, 1769, 1770, 1771, 1773, 1774, 1775, 1780, 1781, 1782, 1783, 1784, 1786, 1787, 1788, 1789, 1791, 1805, 1806, 1811, 1812, 1813, 1814, 1815, 1816, 1821, 1822, 1823, 1826, 1827, 1828, 1829, 1830, 1831, 1836, 1837, 1839, 1840, 1841, 1842, 1843, 1844, 1845, 1846, 1848, 1849, 1860, 1861, 1866, 1867, 1868, 1869, 1872, 1873, 1875, 1876, 1877, 1882, 1883, 1885, 1886, 1887, 1890, 1891, 1892, 1893, 1894, 1895, 1896, 1897, 1899, 1900, 1907, 1908, 1909, 1910, 1911, 1913, 1921, 1925, 1927, 1937, 1938, 1940, 1941, 1942, 1943, 1944, 1946, 1947, 1948, 1949, 1950, 1951, 1953, 1954, 1955, 1956, 1957, 1958, 1959, 1961, 1962, 1963, 1964, 1967, 1969, 1976, 1978, 1986, 1987, 1989, 1990, 1991, 1992, 1993, 1994, 1995, 1997, 1998, 1999, 2001, 2002, 2003, 2004, 2005, 2006, 2007, 2008, 2011, 2012, 2014, 2015, 2021, 2023, 2032, 2033, 2035, 2036, 2041, 2042, 2043, 2044, 2045, 2046, 2047, 2048, 2049, 2050, 2051, 2054, 2055, 2056, 2059, 2060, 2062, 2063, 2064, 2065, 2066, 2067, 2068, 2069, 2070, 2072, 2073, 2074, 2075, 2076, 2081, 2082, 2084, 2085, 2086, 2088, 2089, 2090, 2092, 2093, 2094, 2095, 2096, 2099, 2100, 2102, 2103, 2104, 2105, 2110, 2112, 2114, 2115, 2116, 2117, 2118, 2119, 2120, 2121, 2122, 2123, 2125, 2126, 2127, 2128, 2129, 2134, 2135, 2140, 2141, 2144, 2146, 2148, 2149, 2150, 2151, 2152, 2153, 2154, 2155, 2156, 2158, 2159, 2160, 2161, 2163, 2164, 2169, 2170, 2171, 2176, 2177, 2178, 2179, 2182, 2185, 2186, 2187, 2188, 2189, 2190, 2191, 2192, 2193, 2194, 2195, 2198, 2199, 2200, 2201, 2202, 2203, 2204, 2205, 2206, 2207, 2208, 2214, 2215, 2218, 2219, 2220, 2221, 2222, 2223, 2224, 2225, 2226, 2227, 2234, 2237, 2238, 2239, 2240, 2241, 2242, 2243, 2244, 2245, 2246, 2247, 2254, 2255, 2256, 2257, 2262, 2263, 2265, 2266, 2267, 2268, 2269, 2273, 2274, 2275, 2276, 2277, 2278, 2279, 2280, 2281, 2283, 2284, 2285, 2286, 2287, 2288, 2289, 2292, 2293, 2294], "excluded_lines": [], "functions": {"_output_path": {"executed_lines": [], "summary": {"covered_lines": 0, "num_statements": 6, "percent_covered": 0.0, "percent_covered_display": "0", "missing_lines": 6, "excluded_lines": 0, "percent_statements_covered": 0.0, "percent_statements_covered_display": "0"}, "missing_lines": [174, 175, 176, 178, 179, 180], "excluded_lines": [], "start_line": 172}, "_runtime_profile_override_path": {"executed_lines": [], "summary": {"covered_lines": 0, "num_statements": 2, "percent_covered": 0.0, "percent_covered_display": "0", "missing_lines": 2, "excluded_lines": 0, "percent_statements_covered": 0.0, "percent_statements_covered_display": "0"}, "missing_lines": [184, 185], "excluded_lines": [], "start_line": 183}, "_safe_write_json": {"executed_lines": [], "summary": {"covered_lines": 0, "num_statements": 4, "percent_covered": 0.0, "percent_covered_display": "0", "missing_lines": 4, "excluded_lines": 0, "percent_statements_covered": 0.0, "percent_statements_covered_display": "0"}, "missing_lines": [189, 190, 191, 192], "excluded_lines": [], "start_line": 188}, "_read_runtime_profile_override": {"executed_lines": [], "summary": {"covered_lines": 0, "num_statements": 10, "percent_covered": 0.0, "percent_covered_display": "0", "missing_lines": 10, "excluded_lines": 0, "percent_statements_covered": 0.0, "percent_statements_covered_display": "0"}, "missing_lines": [196, 197, 198, 199, 200, 201, 202, 203, 204, 205], "excluded_lines": [], "start_line": 195}, "_path_matches_required": {"executed_lines": [], "summary": {"covered_lines": 0, "num_statements": 3, "percent_covered": 0.0, "percent_covered_display": "0", "missing_lines": 3, "excluded_lines": 0, "percent_statements_covered": 0.0, "percent_statements_covered_display": "0"}, "missing_lines": [210, 211, 212], "excluded_lines": [], "start_line": 208}, "_load_benchmark_targets": {"executed_lines": [], "summary": {"covered_lines": 0, "num_statements": 8, "percent_covered": 0.0, "percent_covered_display": "0", "missing_lines": 8, "excluded_lines": 0, "percent_statements_covered": 0.0, "percent_statements_covered_display": "0"}, "missing_lines": [217, 218, 223, 224, 225, 226, 227, 234], "excluded_lines": [], "start_line": 215}, "_apply_live_config_overrides": {"executed_lines": [], "summary": {"covered_lines": 0, "num_statements": 24, "percent_covered": 0.0, "percent_covered_display": "0", "missing_lines": 24, "excluded_lines": 0, "percent_statements_covered": 0.0, "percent_statements_covered_display": "0"}, "missing_lines": [239, 240, 241, 242, 243, 244, 245, 246, 247, 248, 249, 250, 251, 252, 253, 254, 258, 259, 264, 269, 270, 271, 314, 315], "excluded_lines": [], "start_line": 237}, "_WSManager.__init__": {"executed_lines": [], "summary": {"covered_lines": 0, "num_statements": 1, "percent_covered": 0.0, "percent_covered_display": "0", "missing_lines": 1, "excluded_lines": 0, "percent_statements_covered": 0.0, "percent_statements_covered_display": "0"}, "missing_lines": [325], "excluded_lines": [], "start_line": 324}, "_WSManager.connect": {"executed_lines": [], "summary": {"covered_lines": 0, "num_statements": 2, "percent_covered": 0.0, "percent_covered_display": "0", "missing_lines": 2, "excluded_lines": 0, "percent_statements_covered": 0.0, "percent_statements_covered_display": "0"}, "missing_lines": [328, 329], "excluded_lines": [], "start_line": 327}, "_WSManager.disconnect": {"executed_lines": [], "summary": {"covered_lines": 0, "num_statements": 4, "percent_covered": 0.0, "percent_covered_display": "0", "missing_lines": 4, "excluded_lines": 0, "percent_statements_covered": 0.0, "percent_statements_covered_display": "0"}, "missing_lines": [332, 333, 334, 335], "excluded_lines": [], "start_line": 331}, "_WSManager.broadcast": {"executed_lines": [], "summary": {"covered_lines": 0, "num_statements": 8, "percent_covered": 0.0, "percent_covered_display": "0", "missing_lines": 8, "excluded_lines": 0, "percent_statements_covered": 0.0, "percent_statements_covered_display": "0"}, "missing_lines": [338, 339, 340, 341, 342, 343, 344, 345], "excluded_lines": [], "start_line": 337}, "_safe_json": {"executed_lines": [], "summary": {"covered_lines": 0, "num_statements": 8, "percent_covered": 0.0, "percent_covered_display": "0", "missing_lines": 8, "excluded_lines": 0, "percent_statements_covered": 0.0, "percent_statements_covered_display": "0"}, "missing_lines": [354, 355, 356, 357, 358, 359, 360, 361], "excluded_lines": [], "start_line": 353}, "_as_float": {"executed_lines": [], "summary": {"covered_lines": 0, "num_statements": 6, "percent_covered": 0.0, "percent_covered_display": "0", "missing_lines": 6, "excluded_lines": 0, "percent_statements_covered": 0.0, "percent_statements_covered_display": "0"}, "missing_lines": [365, 366, 367, 368, 369, 370], "excluded_lines": [], "start_line": 364}, "_as_int": {"executed_lines": [], "summary": {"covered_lines": 0, "num_statements": 6, "percent_covered": 0.0, "percent_covered_display": "0", "missing_lines": 6, "excluded_lines": 0, "percent_statements_covered": 0.0, "percent_statements_covered_display": "0"}, "missing_lines": [374, 375, 376, 377, 378, 379], "excluded_lines": [], "start_line": 373}, "_row_to_dict": {"executed_lines": [], "summary": {"covered_lines": 0, "num_statements": 4, "percent_covered": 0.0, "percent_covered_display": "0", "missing_lines": 4, "excluded_lines": 0, "percent_statements_covered": 0.0, "percent_statements_covered_display": "0"}, "missing_lines": [383, 384, 385, 386], "excluded_lines": [], "start_line": 382}, "_normalize_signal_row": {"executed_lines": [], "summary": {"covered_lines": 0, "num_statements": 32, "percent_covered": 0.0, "percent_covered_display": "0", "missing_lines": 32, "excluded_lines": 0, "percent_statements_covered": 0.0, "percent_statements_covered_display": "0"}, "missing_lines": [390, 391, 392, 395, 396, 397, 398, 400, 401, 402, 403, 405, 406, 407, 408, 409, 410, 411, 412, 413, 415, 418, 419, 420, 421, 422, 423, 425, 426, 427, 428, 430], "excluded_lines": [], "start_line": 389}, "_decode_signal_row": {"executed_lines": [], "summary": {"covered_lines": 0, "num_statements": 13, "percent_covered": 0.0, "percent_covered_display": "0", "missing_lines": 13, "excluded_lines": 0, "percent_statements_covered": 0.0, "percent_statements_covered_display": "0"}, "missing_lines": [434, 435, 438, 439, 440, 443, 444, 445, 448, 449, 450, 453, 454], "excluded_lines": [], "start_line": 433}, "_normalize_trade_row": {"executed_lines": [], "summary": {"covered_lines": 0, "num_statements": 7, "percent_covered": 0.0, "percent_covered_display": "0", "missing_lines": 7, "excluded_lines": 0, "percent_statements_covered": 0.0, "percent_statements_covered_display": "0"}, "missing_lines": [458, 459, 460, 461, 462, 463, 464], "excluded_lines": [], "start_line": 457}, "_safe_csv_tail": {"executed_lines": [], "summary": {"covered_lines": 0, "num_statements": 24, "percent_covered": 0.0, "percent_covered_display": "0", "missing_lines": 24, "excluded_lines": 0, "percent_statements_covered": 0.0, "percent_statements_covered_display": "0"}, "missing_lines": [469, 470, 471, 472, 473, 475, 476, 477, 478, 479, 480, 482, 483, 484, 485, 486, 487, 489, 490, 491, 492, 493, 494, 495], "excluded_lines": [], "start_line": 467}, "_safe_jsonl_tail": {"executed_lines": [], "summary": {"covered_lines": 0, "num_statements": 19, "percent_covered": 0.0, "percent_covered_display": "0", "missing_lines": 19, "excluded_lines": 0, "percent_statements_covered": 0.0, "percent_statements_covered_display": "0"}, "missing_lines": [499, 500, 501, 502, 504, 505, 506, 507, 508, 509, 510, 511, 512, 513, 514, 515, 516, 517, 518], "excluded_lines": [], "start_line": 498}, "_first_existing": {"executed_lines": [], "summary": {"covered_lines": 0, "num_statements": 7, "percent_covered": 0.0, "percent_covered_display": "0", "missing_lines": 7, "excluded_lines": 0, "percent_statements_covered": 0.0, "percent_statements_covered_display": "0"}, "missing_lines": [522, 523, 524, 525, 526, 527, 528], "excluded_lines": [], "start_line": 521}, "_avg": {"executed_lines": [], "summary": {"covered_lines": 0, "num_statements": 4, "percent_covered": 0.0, "percent_covered_display": "0", "missing_lines": 4, "excluded_lines": 0, "percent_statements_covered": 0.0, "percent_statements_covered_display": "0"}, "missing_lines": [532, 533, 534, 535], "excluded_lines": [], "start_line": 531}, "_normalize_walkforward_report": {"executed_lines": [], "summary": {"covered_lines": 0, "num_statements": 30, "percent_covered": 0.0, "percent_covered_display": "0", "missing_lines": 30, "excluded_lines": 0, "percent_statements_covered": 0.0, "percent_statements_covered_display": "0"}, "missing_lines": [539, 540, 541, 542, 545, 546, 547, 549, 550, 551, 552, 553, 554, 555, 556, 557, 558, 559, 560, 561, 562, 563, 564, 565, 566, 567, 568, 569, 590, 602], "excluded_lines": [], "start_line": 538}, "_derive_backtest_from_wf_verify": {"executed_lines": [], "summary": {"covered_lines": 0, "num_statements": 73, "percent_covered": 0.0, "percent_covered_display": "0", "missing_lines": 73, "excluded_lines": 0, "percent_statements_covered": 0.0, "percent_statements_covered_display": "0"}, "missing_lines": [615, 616, 617, 618, 619, 621, 622, 623, 624, 625, 626, 627, 628, 629, 630, 631, 632, 633, 634, 635, 636, 638, 639, 640, 641, 642, 643, 644, 645, 646, 647, 648, 649, 650, 651, 652, 653, 654, 655, 656, 657, 658, 659, 660, 661, 662, 663, 664, 665, 666, 667, 668, 669, 670, 671, 673, 674, 675, 676, 677, 678, 679, 680, 681, 682, 684, 685, 686, 687, 688, 689, 690, 692], "excluded_lines": [], "start_line": 614}, "_build_pnl_series": {"executed_lines": [], "summary": {"covered_lines": 0, "num_statements": 22, "percent_covered": 0.0, "percent_covered_display": "0", "missing_lines": 22, "excluded_lines": 0, "percent_statements_covered": 0.0, "percent_statements_covered_display": "0"}, "missing_lines": [722, 723, 724, 725, 726, 727, 728, 729, 730, 731, 732, 733, 734, 735, 736, 737, 739, 740, 741, 742, 743, 744], "excluded_lines": [], "start_line": 720}, "_parse_trade_timestamp": {"executed_lines": [], "summary": {"covered_lines": 0, "num_statements": 27, "percent_covered": 0.0, "percent_covered_display": "0", "missing_lines": 27, "excluded_lines": 0, "percent_statements_covered": 0.0, "percent_statements_covered_display": "0"}, "missing_lines": [748, 749, 750, 751, 752, 753, 754, 755, 756, 757, 758, 759, 760, 761, 762, 763, 764, 765, 766, 767, 768, 769, 770, 771, 772, 773, 774], "excluded_lines": [], "start_line": 747}, "_normalize_trade_side": {"executed_lines": [], "summary": {"covered_lines": 0, "num_statements": 6, "percent_covered": 0.0, "percent_covered_display": "0", "missing_lines": 6, "excluded_lines": 0, "percent_statements_covered": 0.0, "percent_statements_covered_display": "0"}, "missing_lines": [778, 779, 780, 781, 782, 783], "excluded_lines": [], "start_line": 777}, "_session_bucket": {"executed_lines": [], "summary": {"covered_lines": 0, "num_statements": 10, "percent_covered": 0.0, "percent_covered_display": "0", "missing_lines": 10, "excluded_lines": 0, "percent_statements_covered": 0.0, "percent_statements_covered_display": "0"}, "missing_lines": [787, 788, 789, 790, 791, 792, 793, 794, 795, 796], "excluded_lines": [], "start_line": 786}, "_regime_bucket": {"executed_lines": [], "summary": {"covered_lines": 0, "num_statements": 8, "percent_covered": 0.0, "percent_covered_display": "0", "missing_lines": 8, "excluded_lines": 0, "percent_statements_covered": 0.0, "percent_statements_covered_display": "0"}, "missing_lines": [800, 801, 802, 803, 804, 805, 806, 807], "excluded_lines": [], "start_line": 799}, "_summarize_group": {"executed_lines": [], "summary": {"covered_lines": 0, "num_statements": 18, "percent_covered": 0.0, "percent_covered_display": "0", "missing_lines": 18, "excluded_lines": 0, "percent_statements_covered": 0.0, "percent_statements_covered_display": "0"}, "missing_lines": [811, 812, 813, 814, 815, 816, 817, 818, 819, 820, 821, 822, 823, 824, 825, 826, 827, 828], "excluded_lines": [], "start_line": 810}, "_build_pnl_explain": {"executed_lines": [], "summary": {"covered_lines": 0, "num_statements": 30, "percent_covered": 0.0, "percent_covered_display": "0", "missing_lines": 30, "excluded_lines": 0, "percent_statements_covered": 0.0, "percent_statements_covered_display": "0"}, "missing_lines": [841, 842, 852, 858, 859, 860, 861, 862, 863, 870, 872, 873, 874, 875, 876, 877, 878, 879, 880, 881, 882, 883, 884, 885, 886, 887, 888, 889, 899, 910], "excluded_lines": [], "start_line": 840}, "_build_pnl_explain._build_dimension": {"executed_lines": [], "summary": {"covered_lines": 0, "num_statements": 5, "percent_covered": 0.0, "percent_covered_display": "0", "missing_lines": 5, "excluded_lines": 0, "percent_statements_covered": 0.0, "percent_statements_covered_display": "0"}, "missing_lines": [904, 905, 906, 907, 908], "excluded_lines": [], "start_line": 899}, "_estimate_profile_presets": {"executed_lines": [], "summary": {"covered_lines": 0, "num_statements": 21, "percent_covered": 0.0, "percent_covered_display": "0", "missing_lines": 21, "excluded_lines": 0, "percent_statements_covered": 0.0, "percent_statements_covered_display": "0"}, "missing_lines": [922, 926, 927, 928, 929, 931, 932, 934, 935, 936, 937, 938, 940, 941, 943, 944, 945, 949, 950, 952, 961], "excluded_lines": [], "start_line": 917}, "_estimate_profile_presets._profile": {"executed_lines": [], "summary": {"covered_lines": 0, "num_statements": 1, "percent_covered": 0.0, "percent_covered_display": "0", "missing_lines": 1, "excluded_lines": 0, "percent_statements_covered": 0.0, "percent_statements_covered_display": "0"}, "missing_lines": [953], "excluded_lines": [], "start_line": 952}, "_is_truthy": {"executed_lines": [], "summary": {"covered_lines": 0, "num_statements": 4, "percent_covered": 0.0, "percent_covered_display": "0", "missing_lines": 4, "excluded_lines": 0, "percent_statements_covered": 0.0, "percent_statements_covered_display": "0"}, "missing_lines": [987, 988, 989, 990], "excluded_lines": [], "start_line": 986}, "_max_drawdown_pct_from_pnls": {"executed_lines": [], "summary": {"covered_lines": 0, "num_statements": 17, "percent_covered": 0.0, "percent_covered_display": "0", "missing_lines": 17, "excluded_lines": 0, "percent_statements_covered": 0.0, "percent_statements_covered_display": "0"}, "missing_lines": [994, 995, 996, 997, 998, 999, 1000, 1001, 1002, 1003, 1004, 1005, 1006, 1007, 1008, 1009, 1010], "excluded_lines": [], "start_line": 993}, "_build_regime_session_matrix": {"executed_lines": [], "summary": {"covered_lines": 0, "num_statements": 56, "percent_covered": 0.0, "percent_covered_display": "0", "missing_lines": 56, "excluded_lines": 0, "percent_statements_covered": 0.0, "percent_statements_covered_display": "0"}, "missing_lines": [1018, 1019, 1020, 1021, 1022, 1024, 1025, 1026, 1027, 1028, 1029, 1038, 1040, 1041, 1042, 1043, 1044, 1045, 1046, 1047, 1048, 1049, 1050, 1051, 1052, 1053, 1054, 1055, 1056, 1057, 1058, 1059, 1069, 1070, 1071, 1072, 1074, 1075, 1076, 1077, 1078, 1080, 1081, 1082, 1083, 1085, 1086, 1087, 1088, 1089, 1090, 1091, 1092, 1108, 1112, 1119], "excluded_lines": [], "start_line": 1013}, "_is_news_alert_impact": {"executed_lines": [], "summary": {"covered_lines": 0, "num_statements": 1, "percent_covered": 0.0, "percent_covered_display": "0", "missing_lines": 1, "excluded_lines": 0, "percent_statements_covered": 0.0, "percent_statements_covered_display": "0"}, "missing_lines": [1163], "excluded_lines": [], "start_line": 1162}, "_news_base_dir": {"executed_lines": [], "summary": {"covered_lines": 0, "num_statements": 5, "percent_covered": 0.0, "percent_covered_display": "0", "missing_lines": 5, "excluded_lines": 0, "percent_statements_covered": 0.0, "percent_statements_covered_display": "0"}, "missing_lines": [1167, 1168, 1169, 1170, 1171], "excluded_lines": [], "start_line": 1166}, "_parse_news_num": {"executed_lines": [], "summary": {"covered_lines": 0, "num_statements": 15, "percent_covered": 0.0, "percent_covered_display": "0", "missing_lines": 15, "excluded_lines": 0, "percent_statements_covered": 0.0, "percent_statements_covered_display": "0"}, "missing_lines": [1176, 1177, 1178, 1179, 1180, 1181, 1182, 1183, 1184, 1185, 1186, 1187, 1188, 1189, 1190], "excluded_lines": [], "start_line": 1174}, "_compute_gold_impact": {"executed_lines": [], "summary": {"covered_lines": 0, "num_statements": 35, "percent_covered": 0.0, "percent_covered_display": "0", "missing_lines": 35, "excluded_lines": 0, "percent_statements_covered": 0.0, "percent_statements_covered_display": "0"}, "missing_lines": [1195, 1196, 1197, 1201, 1202, 1203, 1204, 1205, 1206, 1207, 1209, 1211, 1212, 1213, 1214, 1215, 1217, 1218, 1221, 1222, 1223, 1224, 1225, 1226, 1227, 1228, 1229, 1230, 1231, 1233, 1234, 1235, 1236, 1238, 1239], "excluded_lines": [], "start_line": 1193}, "_parse_ff_event_dt": {"executed_lines": [], "summary": {"covered_lines": 0, "num_statements": 13, "percent_covered": 0.0, "percent_covered_display": "0", "missing_lines": 13, "excluded_lines": 0, "percent_statements_covered": 0.0, "percent_statements_covered_display": "0"}, "missing_lines": [1244, 1245, 1246, 1247, 1248, 1249, 1250, 1251, 1252, 1253, 1254, 1255, 1256], "excluded_lines": [], "start_line": 1242}, "_build_news_payload": {"executed_lines": [], "summary": {"covered_lines": 0, "num_statements": 41, "percent_covered": 0.0, "percent_covered_display": "0", "missing_lines": 41, "excluded_lines": 0, "percent_statements_covered": 0.0, "percent_statements_covered_display": "0"}, "missing_lines": [1275, 1277, 1281, 1282, 1283, 1284, 1286, 1287, 1288, 1289, 1290, 1291, 1292, 1293, 1295, 1297, 1298, 1299, 1300, 1301, 1302, 1303, 1304, 1305, 1306, 1307, 1308, 1309, 1310, 1312, 1313, 1314, 1315, 1316, 1317, 1319, 1320, 1321, 1322, 1323, 1324], "excluded_lines": [], "start_line": 1270}, "_fetch_news_via_bridge": {"executed_lines": [], "summary": {"covered_lines": 0, "num_statements": 13, "percent_covered": 0.0, "percent_covered_display": "0", "missing_lines": 13, "excluded_lines": 0, "percent_statements_covered": 0.0, "percent_statements_covered_display": "0"}, "missing_lines": [1339, 1340, 1341, 1342, 1343, 1344, 1345, 1346, 1347, 1348, 1349, 1350, 1351], "excluded_lines": [], "start_line": 1334}, "_fetch_news_uncached": {"executed_lines": [], "summary": {"covered_lines": 0, "num_statements": 33, "percent_covered": 0.0, "percent_covered_display": "0", "missing_lines": 33, "excluded_lines": 0, "percent_statements_covered": 0.0, "percent_statements_covered_display": "0"}, "missing_lines": [1356, 1358, 1359, 1361, 1362, 1363, 1366, 1371, 1372, 1373, 1374, 1375, 1377, 1378, 1379, 1380, 1382, 1383, 1385, 1386, 1387, 1389, 1390, 1391, 1393, 1394, 1395, 1397, 1416, 1417, 1418, 1419, 1421], "excluded_lines": [], "start_line": 1354}, "_build_dashboard_payload": {"executed_lines": [], "summary": {"covered_lines": 0, "num_statements": 17, "percent_covered": 0.0, "percent_covered_display": "0", "missing_lines": 17, "excluded_lines": 0, "percent_statements_covered": 0.0, "percent_statements_covered_display": "0"}, "missing_lines": [1431, 1433, 1434, 1436, 1437, 1439, 1440, 1442, 1443, 1445, 1446, 1447, 1448, 1449, 1450, 1451, 1453], "excluded_lines": [], "start_line": 1429}, "_build_dashboard_payload_uncached": {"executed_lines": [], "summary": {"covered_lines": 0, "num_statements": 69, "percent_covered": 0.0, "percent_covered_display": "0", "missing_lines": 69, "excluded_lines": 0, "percent_statements_covered": 0.0, "percent_statements_covered_display": "0"}, "missing_lines": [1457, 1458, 1459, 1460, 1461, 1462, 1463, 1464, 1465, 1471, 1472, 1473, 1475, 1480, 1481, 1482, 1483, 1484, 1485, 1487, 1488, 1489, 1490, 1491, 1492, 1494, 1495, 1496, 1502, 1503, 1504, 1506, 1507, 1509, 1510, 1511, 1512, 1513, 1514, 1515, 1516, 1517, 1518, 1519, 1520, 1521, 1522, 1523, 1524, 1525, 1526, 1527, 1528, 1529, 1530, 1533, 1534, 1535, 1536, 1553, 1554, 1555, 1556, 1557, 1560, 1561, 1562, 1568, 1627], "excluded_lines": [], "start_line": 1456}, "_broadcast_loop": {"executed_lines": [], "summary": {"covered_lines": 0, "num_statements": 9, "percent_covered": 0.0, "percent_covered_display": "0", "missing_lines": 9, "excluded_lines": 0, "percent_statements_covered": 0.0, "percent_statements_covered_display": "0"}, "missing_lines": [1638, 1639, 1640, 1641, 1642, 1643, 1644, 1645, 1646], "excluded_lines": [], "start_line": 1636}, "get_engine": {"executed_lines": [], "summary": {"covered_lines": 0, "num_statements": 4, "percent_covered": 0.0, "percent_covered_display": "0", "missing_lines": 4, "excluded_lines": 0, "percent_statements_covered": 0.0, "percent_statements_covered_display": "0"}, "missing_lines": [1658, 1659, 1660, 1661], "excluded_lines": [], "start_line": 1656}, "get_storage": {"executed_lines": [], "summary": {"covered_lines": 0, "num_statements": 4, "percent_covered": 0.0, "percent_covered_display": "0", "missing_lines": 4, "excluded_lines": 0, "percent_statements_covered": 0.0, "percent_statements_covered_display": "0"}, "missing_lines": [1666, 1667, 1668, 1669], "excluded_lines": [], "start_line": 1664}, "get_tracker": {"executed_lines": [], "summary": {"covered_lines": 0, "num_statements": 4, "percent_covered": 0.0, "percent_covered_display": "0", "missing_lines": 4, "excluded_lines": 0, "percent_statements_covered": 0.0, "percent_statements_covered_display": "0"}, "missing_lines": [1674, 1675, 1676, 1677], "excluded_lines": [], "start_line": 1672}, "get_trade_store": {"executed_lines": [], "summary": {"covered_lines": 0, "num_statements": 2, "percent_covered": 0.0, "percent_covered_display": "0", "missing_lines": 2, "excluded_lines": 0, "percent_statements_covered": 0.0, "percent_statements_covered_display": "0"}, "missing_lines": [1681, 1682], "excluded_lines": [], "start_line": 1680}, "health_check": {"executed_lines": [], "summary": {"covered_lines": 0, "num_statements": 22, "percent_covered": 0.0, "percent_covered_display": "0", "missing_lines": 22, "excluded_lines": 0, "percent_statements_covered": 0.0, "percent_statements_covered_display": "0"}, "missing_lines": [1711, 1714, 1715, 1716, 1717, 1718, 1719, 1720, 1721, 1724, 1725, 1726, 1727, 1728, 1731, 1732, 1733, 1734, 1735, 1736, 1737, 1739], "excluded_lines": [], "start_line": 1710}, "get_live_status": {"executed_lines": [], "summary": {"covered_lines": 0, "num_statements": 4, "percent_covered": 0.0, "percent_covered_display": "0", "missing_lines": 4, "excluded_lines": 0, "percent_statements_covered": 0.0, "percent_statements_covered_display": "0"}, "missing_lines": [1746, 1747, 1748, 1750], "excluded_lines": [], "start_line": 1745}, "get_trades": {"executed_lines": [], "summary": {"covered_lines": 0, "num_statements": 12, "percent_covered": 0.0, "percent_covered_display": "0", "missing_lines": 12, "excluded_lines": 0, "percent_statements_covered": 0.0, "percent_statements_covered_display": "0"}, "missing_lines": [1762, 1763, 1764, 1765, 1766, 1767, 1769, 1770, 1771, 1773, 1774, 1775], "excluded_lines": [], "start_line": 1756}, "get_trade_summary": {"executed_lines": [], "summary": {"covered_lines": 0, "num_statements": 8, "percent_covered": 0.0, "percent_covered_display": "0", "missing_lines": 8, "excluded_lines": 0, "percent_statements_covered": 0.0, "percent_statements_covered_display": "0"}, "missing_lines": [1782, 1783, 1784, 1786, 1787, 1788, 1789, 1791], "excluded_lines": [], "start_line": 1781}, "get_signals": {"executed_lines": [], "summary": {"covered_lines": 0, "num_statements": 6, "percent_covered": 0.0, "percent_covered_display": "0", "missing_lines": 6, "excluded_lines": 0, "percent_statements_covered": 0.0, "percent_statements_covered_display": "0"}, "missing_lines": [1811, 1812, 1813, 1814, 1815, 1816], "excluded_lines": [], "start_line": 1806}, "list_models": {"executed_lines": [], "summary": {"covered_lines": 0, "num_statements": 1, "percent_covered": 0.0, "percent_covered_display": "0", "missing_lines": 1, "excluded_lines": 0, "percent_statements_covered": 0.0, "percent_statements_covered_display": "0"}, "missing_lines": [1823], "excluded_lines": [], "start_line": 1822}, "get_model_metrics": {"executed_lines": [], "summary": {"covered_lines": 0, "num_statements": 4, "percent_covered": 0.0, "percent_covered_display": "0", "missing_lines": 4, "excluded_lines": 0, "percent_statements_covered": 0.0, "percent_statements_covered_display": "0"}, "missing_lines": [1828, 1829, 1830, 1831], "excluded_lines": [], "start_line": 1827}, "predict": {"executed_lines": [], "summary": {"covered_lines": 0, "num_statements": 10, "percent_covered": 0.0, "percent_covered_display": "0", "missing_lines": 10, "excluded_lines": 0, "percent_statements_covered": 0.0, "percent_statements_covered_display": "0"}, "missing_lines": [1839, 1840, 1841, 1842, 1843, 1844, 1845, 1846, 1848, 1849], "excluded_lines": [], "start_line": 1837}, "get_report_url": {"executed_lines": [], "summary": {"covered_lines": 0, "num_statements": 4, "percent_covered": 0.0, "percent_covered_display": "0", "missing_lines": 4, "excluded_lines": 0, "percent_statements_covered": 0.0, "percent_statements_covered_display": "0"}, "missing_lines": [1866, 1867, 1868, 1869], "excluded_lines": [], "start_line": 1861}, "get_news_calendar": {"executed_lines": [], "summary": {"covered_lines": 0, "num_statements": 3, "percent_covered": 0.0, "percent_covered_display": "0", "missing_lines": 3, "excluded_lines": 0, "percent_statements_covered": 0.0, "percent_statements_covered_display": "0"}, "missing_lines": [1875, 1876, 1877], "excluded_lines": [], "start_line": 1873}, "get_dashboard_snapshot": {"executed_lines": [], "summary": {"covered_lines": 0, "num_statements": 3, "percent_covered": 0.0, "percent_covered_display": "0", "missing_lines": 3, "excluded_lines": 0, "percent_statements_covered": 0.0, "percent_statements_covered_display": "0"}, "missing_lines": [1885, 1886, 1887], "excluded_lines": [], "start_line": 1883}, "apply_runtime_profile": {"executed_lines": [], "summary": {"covered_lines": 0, "num_statements": 17, "percent_covered": 0.0, "percent_covered_display": "0", "missing_lines": 17, "excluded_lines": 0, "percent_statements_covered": 0.0, "percent_statements_covered_display": "0"}, "missing_lines": [1892, 1893, 1894, 1895, 1896, 1897, 1899, 1900, 1907, 1908, 1909, 1910, 1911, 1913, 1921, 1925, 1927], "excluded_lines": [], "start_line": 1891}, "reset_kill_switch": {"executed_lines": [], "summary": {"covered_lines": 0, "num_statements": 26, "percent_covered": 0.0, "percent_covered_display": "0", "missing_lines": 26, "excluded_lines": 0, "percent_statements_covered": 0.0, "percent_statements_covered_display": "0"}, "missing_lines": [1940, 1941, 1942, 1943, 1944, 1946, 1947, 1948, 1949, 1950, 1951, 1953, 1954, 1955, 1956, 1957, 1958, 1959, 1961, 1962, 1963, 1964, 1967, 1969, 1976, 1978], "excluded_lines": [], "start_line": 1938}, "set_auto_trade": {"executed_lines": [], "summary": {"covered_lines": 0, "num_statements": 24, "percent_covered": 0.0, "percent_covered_display": "0", "missing_lines": 24, "excluded_lines": 0, "percent_statements_covered": 0.0, "percent_statements_covered_display": "0"}, "missing_lines": [1989, 1990, 1991, 1992, 1993, 1994, 1995, 1997, 1998, 1999, 2001, 2002, 2003, 2004, 2005, 2006, 2007, 2008, 2011, 2012, 2014, 2015, 2021, 2023], "excluded_lines": [], "start_line": 1987}, "get_tunnel_url": {"executed_lines": [], "summary": {"covered_lines": 0, "num_statements": 13, "percent_covered": 0.0, "percent_covered_display": "0", "missing_lines": 13, "excluded_lines": 0, "percent_statements_covered": 0.0, "percent_statements_covered_display": "0"}, "missing_lines": [2035, 2036, 2041, 2042, 2043, 2044, 2045, 2046, 2047, 2048, 2049, 2050, 2051], "excluded_lines": [], "start_line": 2033}, "send_telegram": {"executed_lines": [], "summary": {"covered_lines": 0, "num_statements": 14, "percent_covered": 0.0, "percent_covered_display": "0", "missing_lines": 14, "excluded_lines": 0, "percent_statements_covered": 0.0, "percent_statements_covered_display": "0"}, "missing_lines": [2062, 2063, 2064, 2065, 2066, 2067, 2068, 2069, 2070, 2072, 2073, 2074, 2075, 2076], "excluded_lines": [], "start_line": 2060}, "ws_live": {"executed_lines": [], "summary": {"covered_lines": 0, "num_statements": 11, "percent_covered": 0.0, "percent_covered_display": "0", "missing_lines": 11, "excluded_lines": 0, "percent_statements_covered": 0.0, "percent_statements_covered_display": "0"}, "missing_lines": [2084, 2085, 2086, 2088, 2089, 2090, 2092, 2093, 2094, 2095, 2096], "excluded_lines": [], "start_line": 2082}, "serve_dashboard": {"executed_lines": [], "summary": {"covered_lines": 0, "num_statements": 4, "percent_covered": 0.0, "percent_covered_display": "0", "missing_lines": 4, "excluded_lines": 0, "percent_statements_covered": 0.0, "percent_statements_covered_display": "0"}, "missing_lines": [2102, 2103, 2104, 2105], "excluded_lines": [], "start_line": 2100}, "_tg_news_send": {"executed_lines": [], "summary": {"covered_lines": 0, "num_statements": 20, "percent_covered": 0.0, "percent_covered_display": "0", "missing_lines": 20, "excluded_lines": 0, "percent_statements_covered": 0.0, "percent_statements_covered_display": "0"}, "missing_lines": [2112, 2114, 2115, 2116, 2117, 2118, 2119, 2120, 2121, 2122, 2123, 2125, 2126, 2127, 2128, 2129, 2134, 2135, 2140, 2141], "excluded_lines": [], "start_line": 2110}, "_tg_send_account": {"executed_lines": [], "summary": {"covered_lines": 0, "num_statements": 23, "percent_covered": 0.0, "percent_covered_display": "0", "missing_lines": 23, "excluded_lines": 0, "percent_statements_covered": 0.0, "percent_statements_covered_display": "0"}, "missing_lines": [2146, 2148, 2149, 2150, 2151, 2152, 2153, 2154, 2155, 2156, 2158, 2159, 2160, 2161, 2163, 2164, 2169, 2170, 2171, 2176, 2177, 2178, 2179], "excluded_lines": [], "start_line": 2144}, "_news_alert_loop": {"executed_lines": [], "summary": {"covered_lines": 0, "num_statements": 50, "percent_covered": 0.0, "percent_covered_display": "0", "missing_lines": 50, "excluded_lines": 0, "percent_statements_covered": 0.0, "percent_statements_covered_display": "0"}, "missing_lines": [2185, 2186, 2187, 2188, 2189, 2190, 2191, 2192, 2193, 2194, 2195, 2198, 2199, 2200, 2201, 2202, 2203, 2204, 2205, 2206, 2207, 2208, 2214, 2215, 2218, 2219, 2220, 2221, 2222, 2223, 2224, 2225, 2226, 2227, 2234, 2237, 2238, 2239, 2240, 2241, 2242, 2243, 2244, 2245, 2246, 2247, 2254, 2255, 2256, 2257], "excluded_lines": [], "start_line": 2182}, "on_startup": {"executed_lines": [], "summary": {"covered_lines": 0, "num_statements": 16, "percent_covered": 0.0, "percent_covered_display": "0", "missing_lines": 16, "excluded_lines": 0, "percent_statements_covered": 0.0, "percent_statements_covered_display": "0"}, "missing_lines": [2265, 2266, 2267, 2268, 2269, 2273, 2274, 2275, 2276, 2277, 2278, 2279, 2280, 2281, 2283, 2289], "excluded_lines": [], "start_line": 2263}, "on_startup._warmup": {"executed_lines": [], "summary": {"covered_lines": 0, "num_statements": 5, "percent_covered": 0.0, "percent_covered_display": "0", "missing_lines": 5, "excluded_lines": 0, "percent_statements_covered": 0.0, "percent_statements_covered_display": "0"}, "missing_lines": [2284, 2285, 2286, 2287, 2288], "excluded_lines": [], "start_line": 2283}, "": {"executed_lines": [], "summary": {"covered_lines": 0, "num_statements": 176, "percent_covered": 0.0, "percent_covered_display": "0", "missing_lines": 176, "excluded_lines": 0, "percent_statements_covered": 0.0, "percent_statements_covered_display": "0"}, "missing_lines": [17, 19, 20, 21, 22, 23, 24, 25, 26, 27, 29, 30, 31, 32, 33, 35, 39, 45, 54, 55, 56, 57, 58, 59, 60, 63, 64, 65, 66, 67, 68, 72, 73, 74, 78, 90, 91, 92, 93, 95, 126, 143, 172, 183, 188, 195, 208, 215, 237, 318, 323, 324, 327, 331, 337, 348, 353, 364, 373, 382, 389, 433, 457, 467, 498, 521, 531, 538, 614, 720, 747, 777, 786, 799, 810, 840, 917, 986, 993, 1013, 1122, 1123, 1124, 1125, 1129, 1135, 1142, 1143, 1145, 1162, 1166, 1174, 1193, 1242, 1259, 1260, 1261, 1263, 1264, 1266, 1267, 1270, 1328, 1334, 1354, 1429, 1456, 1636, 1651, 1652, 1653, 1656, 1664, 1672, 1680, 1687, 1688, 1689, 1692, 1693, 1694, 1695, 1696, 1697, 1700, 1701, 1702, 1703, 1704, 1709, 1710, 1744, 1745, 1755, 1756, 1780, 1781, 1805, 1806, 1821, 1822, 1826, 1827, 1836, 1837, 1860, 1861, 1872, 1873, 1882, 1883, 1890, 1891, 1937, 1938, 1986, 1987, 2032, 2033, 2054, 2055, 2056, 2059, 2060, 2081, 2082, 2099, 2100, 2110, 2144, 2182, 2262, 2263, 2292, 2293, 2294], "excluded_lines": [], "start_line": 1}}, "classes": {"_WSManager": {"executed_lines": [], "summary": {"covered_lines": 0, "num_statements": 15, "percent_covered": 0.0, "percent_covered_display": "0", "missing_lines": 15, "excluded_lines": 0, "percent_statements_covered": 0.0, "percent_statements_covered_display": "0"}, "missing_lines": [325, 328, 329, 332, 333, 334, 335, 338, 339, 340, 341, 342, 343, 344, 345], "excluded_lines": [], "start_line": 323}, "PredictRequest": {"executed_lines": [], "summary": {"covered_lines": 0, "num_statements": 0, "percent_covered": 100.0, "percent_covered_display": "100", "missing_lines": 0, "excluded_lines": 0, "percent_statements_covered": 100.0, "percent_statements_covered_display": "100"}, "missing_lines": [], "excluded_lines": [], "start_line": 1687}, "PredictResponse": {"executed_lines": [], "summary": {"covered_lines": 0, "num_statements": 0, "percent_covered": 100.0, "percent_covered_display": "100", "missing_lines": 0, "excluded_lines": 0, "percent_statements_covered": 100.0, "percent_statements_covered_display": "100"}, "missing_lines": [], "excluded_lines": [], "start_line": 1692}, "ApplyProfileRequest": {"executed_lines": [], "summary": {"covered_lines": 0, "num_statements": 0, "percent_covered": 100.0, "percent_covered_display": "100", "missing_lines": 0, "excluded_lines": 0, "percent_statements_covered": 100.0, "percent_statements_covered_display": "100"}, "missing_lines": [], "excluded_lines": [], "start_line": 1700}, "SendTelegramRequest": {"executed_lines": [], "summary": {"covered_lines": 0, "num_statements": 0, "percent_covered": 100.0, "percent_covered_display": "100", "missing_lines": 0, "excluded_lines": 0, "percent_statements_covered": 100.0, "percent_statements_covered_display": "100"}, "missing_lines": [], "excluded_lines": [], "start_line": 2054}, "": {"executed_lines": [], "summary": {"covered_lines": 0, "num_statements": 1256, "percent_covered": 0.0, "percent_covered_display": "0", "missing_lines": 1256, "excluded_lines": 0, "percent_statements_covered": 0.0, "percent_statements_covered_display": "0"}, "missing_lines": [17, 19, 20, 21, 22, 23, 24, 25, 26, 27, 29, 30, 31, 32, 33, 35, 39, 45, 54, 55, 56, 57, 58, 59, 60, 63, 64, 65, 66, 67, 68, 72, 73, 74, 78, 90, 91, 92, 93, 95, 126, 143, 172, 174, 175, 176, 178, 179, 180, 183, 184, 185, 188, 189, 190, 191, 192, 195, 196, 197, 198, 199, 200, 201, 202, 203, 204, 205, 208, 210, 211, 212, 215, 217, 218, 223, 224, 225, 226, 227, 234, 237, 239, 240, 241, 242, 243, 244, 245, 246, 247, 248, 249, 250, 251, 252, 253, 254, 258, 259, 264, 269, 270, 271, 314, 315, 318, 323, 324, 327, 331, 337, 348, 353, 354, 355, 356, 357, 358, 359, 360, 361, 364, 365, 366, 367, 368, 369, 370, 373, 374, 375, 376, 377, 378, 379, 382, 383, 384, 385, 386, 389, 390, 391, 392, 395, 396, 397, 398, 400, 401, 402, 403, 405, 406, 407, 408, 409, 410, 411, 412, 413, 415, 418, 419, 420, 421, 422, 423, 425, 426, 427, 428, 430, 433, 434, 435, 438, 439, 440, 443, 444, 445, 448, 449, 450, 453, 454, 457, 458, 459, 460, 461, 462, 463, 464, 467, 469, 470, 471, 472, 473, 475, 476, 477, 478, 479, 480, 482, 483, 484, 485, 486, 487, 489, 490, 491, 492, 493, 494, 495, 498, 499, 500, 501, 502, 504, 505, 506, 507, 508, 509, 510, 511, 512, 513, 514, 515, 516, 517, 518, 521, 522, 523, 524, 525, 526, 527, 528, 531, 532, 533, 534, 535, 538, 539, 540, 541, 542, 545, 546, 547, 549, 550, 551, 552, 553, 554, 555, 556, 557, 558, 559, 560, 561, 562, 563, 564, 565, 566, 567, 568, 569, 590, 602, 614, 615, 616, 617, 618, 619, 621, 622, 623, 624, 625, 626, 627, 628, 629, 630, 631, 632, 633, 634, 635, 636, 638, 639, 640, 641, 642, 643, 644, 645, 646, 647, 648, 649, 650, 651, 652, 653, 654, 655, 656, 657, 658, 659, 660, 661, 662, 663, 664, 665, 666, 667, 668, 669, 670, 671, 673, 674, 675, 676, 677, 678, 679, 680, 681, 682, 684, 685, 686, 687, 688, 689, 690, 692, 720, 722, 723, 724, 725, 726, 727, 728, 729, 730, 731, 732, 733, 734, 735, 736, 737, 739, 740, 741, 742, 743, 744, 747, 748, 749, 750, 751, 752, 753, 754, 755, 756, 757, 758, 759, 760, 761, 762, 763, 764, 765, 766, 767, 768, 769, 770, 771, 772, 773, 774, 777, 778, 779, 780, 781, 782, 783, 786, 787, 788, 789, 790, 791, 792, 793, 794, 795, 796, 799, 800, 801, 802, 803, 804, 805, 806, 807, 810, 811, 812, 813, 814, 815, 816, 817, 818, 819, 820, 821, 822, 823, 824, 825, 826, 827, 828, 840, 841, 842, 852, 858, 859, 860, 861, 862, 863, 870, 872, 873, 874, 875, 876, 877, 878, 879, 880, 881, 882, 883, 884, 885, 886, 887, 888, 889, 899, 904, 905, 906, 907, 908, 910, 917, 922, 926, 927, 928, 929, 931, 932, 934, 935, 936, 937, 938, 940, 941, 943, 944, 945, 949, 950, 952, 953, 961, 986, 987, 988, 989, 990, 993, 994, 995, 996, 997, 998, 999, 1000, 1001, 1002, 1003, 1004, 1005, 1006, 1007, 1008, 1009, 1010, 1013, 1018, 1019, 1020, 1021, 1022, 1024, 1025, 1026, 1027, 1028, 1029, 1038, 1040, 1041, 1042, 1043, 1044, 1045, 1046, 1047, 1048, 1049, 1050, 1051, 1052, 1053, 1054, 1055, 1056, 1057, 1058, 1059, 1069, 1070, 1071, 1072, 1074, 1075, 1076, 1077, 1078, 1080, 1081, 1082, 1083, 1085, 1086, 1087, 1088, 1089, 1090, 1091, 1092, 1108, 1112, 1119, 1122, 1123, 1124, 1125, 1129, 1135, 1142, 1143, 1145, 1162, 1163, 1166, 1167, 1168, 1169, 1170, 1171, 1174, 1176, 1177, 1178, 1179, 1180, 1181, 1182, 1183, 1184, 1185, 1186, 1187, 1188, 1189, 1190, 1193, 1195, 1196, 1197, 1201, 1202, 1203, 1204, 1205, 1206, 1207, 1209, 1211, 1212, 1213, 1214, 1215, 1217, 1218, 1221, 1222, 1223, 1224, 1225, 1226, 1227, 1228, 1229, 1230, 1231, 1233, 1234, 1235, 1236, 1238, 1239, 1242, 1244, 1245, 1246, 1247, 1248, 1249, 1250, 1251, 1252, 1253, 1254, 1255, 1256, 1259, 1260, 1261, 1263, 1264, 1266, 1267, 1270, 1275, 1277, 1281, 1282, 1283, 1284, 1286, 1287, 1288, 1289, 1290, 1291, 1292, 1293, 1295, 1297, 1298, 1299, 1300, 1301, 1302, 1303, 1304, 1305, 1306, 1307, 1308, 1309, 1310, 1312, 1313, 1314, 1315, 1316, 1317, 1319, 1320, 1321, 1322, 1323, 1324, 1328, 1334, 1339, 1340, 1341, 1342, 1343, 1344, 1345, 1346, 1347, 1348, 1349, 1350, 1351, 1354, 1356, 1358, 1359, 1361, 1362, 1363, 1366, 1371, 1372, 1373, 1374, 1375, 1377, 1378, 1379, 1380, 1382, 1383, 1385, 1386, 1387, 1389, 1390, 1391, 1393, 1394, 1395, 1397, 1416, 1417, 1418, 1419, 1421, 1429, 1431, 1433, 1434, 1436, 1437, 1439, 1440, 1442, 1443, 1445, 1446, 1447, 1448, 1449, 1450, 1451, 1453, 1456, 1457, 1458, 1459, 1460, 1461, 1462, 1463, 1464, 1465, 1471, 1472, 1473, 1475, 1480, 1481, 1482, 1483, 1484, 1485, 1487, 1488, 1489, 1490, 1491, 1492, 1494, 1495, 1496, 1502, 1503, 1504, 1506, 1507, 1509, 1510, 1511, 1512, 1513, 1514, 1515, 1516, 1517, 1518, 1519, 1520, 1521, 1522, 1523, 1524, 1525, 1526, 1527, 1528, 1529, 1530, 1533, 1534, 1535, 1536, 1553, 1554, 1555, 1556, 1557, 1560, 1561, 1562, 1568, 1627, 1636, 1638, 1639, 1640, 1641, 1642, 1643, 1644, 1645, 1646, 1651, 1652, 1653, 1656, 1658, 1659, 1660, 1661, 1664, 1666, 1667, 1668, 1669, 1672, 1674, 1675, 1676, 1677, 1680, 1681, 1682, 1687, 1688, 1689, 1692, 1693, 1694, 1695, 1696, 1697, 1700, 1701, 1702, 1703, 1704, 1709, 1710, 1711, 1714, 1715, 1716, 1717, 1718, 1719, 1720, 1721, 1724, 1725, 1726, 1727, 1728, 1731, 1732, 1733, 1734, 1735, 1736, 1737, 1739, 1744, 1745, 1746, 1747, 1748, 1750, 1755, 1756, 1762, 1763, 1764, 1765, 1766, 1767, 1769, 1770, 1771, 1773, 1774, 1775, 1780, 1781, 1782, 1783, 1784, 1786, 1787, 1788, 1789, 1791, 1805, 1806, 1811, 1812, 1813, 1814, 1815, 1816, 1821, 1822, 1823, 1826, 1827, 1828, 1829, 1830, 1831, 1836, 1837, 1839, 1840, 1841, 1842, 1843, 1844, 1845, 1846, 1848, 1849, 1860, 1861, 1866, 1867, 1868, 1869, 1872, 1873, 1875, 1876, 1877, 1882, 1883, 1885, 1886, 1887, 1890, 1891, 1892, 1893, 1894, 1895, 1896, 1897, 1899, 1900, 1907, 1908, 1909, 1910, 1911, 1913, 1921, 1925, 1927, 1937, 1938, 1940, 1941, 1942, 1943, 1944, 1946, 1947, 1948, 1949, 1950, 1951, 1953, 1954, 1955, 1956, 1957, 1958, 1959, 1961, 1962, 1963, 1964, 1967, 1969, 1976, 1978, 1986, 1987, 1989, 1990, 1991, 1992, 1993, 1994, 1995, 1997, 1998, 1999, 2001, 2002, 2003, 2004, 2005, 2006, 2007, 2008, 2011, 2012, 2014, 2015, 2021, 2023, 2032, 2033, 2035, 2036, 2041, 2042, 2043, 2044, 2045, 2046, 2047, 2048, 2049, 2050, 2051, 2054, 2055, 2056, 2059, 2060, 2062, 2063, 2064, 2065, 2066, 2067, 2068, 2069, 2070, 2072, 2073, 2074, 2075, 2076, 2081, 2082, 2084, 2085, 2086, 2088, 2089, 2090, 2092, 2093, 2094, 2095, 2096, 2099, 2100, 2102, 2103, 2104, 2105, 2110, 2112, 2114, 2115, 2116, 2117, 2118, 2119, 2120, 2121, 2122, 2123, 2125, 2126, 2127, 2128, 2129, 2134, 2135, 2140, 2141, 2144, 2146, 2148, 2149, 2150, 2151, 2152, 2153, 2154, 2155, 2156, 2158, 2159, 2160, 2161, 2163, 2164, 2169, 2170, 2171, 2176, 2177, 2178, 2179, 2182, 2185, 2186, 2187, 2188, 2189, 2190, 2191, 2192, 2193, 2194, 2195, 2198, 2199, 2200, 2201, 2202, 2203, 2204, 2205, 2206, 2207, 2208, 2214, 2215, 2218, 2219, 2220, 2221, 2222, 2223, 2224, 2225, 2226, 2227, 2234, 2237, 2238, 2239, 2240, 2241, 2242, 2243, 2244, 2245, 2246, 2247, 2254, 2255, 2256, 2257, 2262, 2263, 2265, 2266, 2267, 2268, 2269, 2273, 2274, 2275, 2276, 2277, 2278, 2279, 2280, 2281, 2283, 2284, 2285, 2286, 2287, 2288, 2289, 2292, 2293, 2294], "excluded_lines": [], "start_line": 1}}}, "src/xauusd_ai/api/routes_chartwf.py": {"executed_lines": [], "summary": {"covered_lines": 0, "num_statements": 35, "percent_covered": 0.0, "percent_covered_display": "0", "missing_lines": 35, "excluded_lines": 0, "percent_statements_covered": 0.0, "percent_statements_covered_display": "0"}, "missing_lines": [5, 7, 8, 9, 11, 12, 14, 16, 18, 19, 20, 21, 24, 25, 27, 28, 29, 30, 31, 32, 33, 34, 35, 36, 37, 38, 41, 42, 44, 45, 46, 47, 48, 50, 51], "excluded_lines": [], "functions": {"chartwf_strategies": {"executed_lines": [], "summary": {"covered_lines": 0, "num_statements": 12, "percent_covered": 0.0, "percent_covered_display": "0", "missing_lines": 12, "excluded_lines": 0, "percent_statements_covered": 0.0, "percent_statements_covered_display": "0"}, "missing_lines": [27, 28, 29, 30, 31, 32, 33, 34, 35, 36, 37, 38], "excluded_lines": [], "start_line": 25}, "chartwf_trades": {"executed_lines": [], "summary": {"covered_lines": 0, "num_statements": 7, "percent_covered": 0.0, "percent_covered_display": "0", "missing_lines": 7, "excluded_lines": 0, "percent_statements_covered": 0.0, "percent_statements_covered_display": "0"}, "missing_lines": [44, 45, 46, 47, 48, 50, 51], "excluded_lines": [], "start_line": 42}, "": {"executed_lines": [], "summary": {"covered_lines": 0, "num_statements": 16, "percent_covered": 0.0, "percent_covered_display": "0", "missing_lines": 16, "excluded_lines": 0, "percent_statements_covered": 0.0, "percent_statements_covered_display": "0"}, "missing_lines": [5, 7, 8, 9, 11, 12, 14, 16, 18, 19, 20, 21, 24, 25, 41, 42], "excluded_lines": [], "start_line": 1}}, "classes": {"": {"executed_lines": [], "summary": {"covered_lines": 0, "num_statements": 35, "percent_covered": 0.0, "percent_covered_display": "0", "missing_lines": 35, "excluded_lines": 0, "percent_statements_covered": 0.0, "percent_statements_covered_display": "0"}, "missing_lines": [5, 7, 8, 9, 11, 12, 14, 16, 18, 19, 20, 21, 24, 25, 27, 28, 29, 30, 31, 32, 33, 34, 35, 36, 37, 38, 41, 42, 44, 45, 46, 47, 48, 50, 51], "excluded_lines": [], "start_line": 1}}}, "src/xauusd_ai/app.py": {"executed_lines": [], "summary": {"covered_lines": 0, "num_statements": 26, "percent_covered": 0.0, "percent_covered_display": "0", "missing_lines": 26, "excluded_lines": 0, "percent_statements_covered": 0.0, "percent_statements_covered_display": "0"}, "missing_lines": [1, 2, 4, 5, 8, 9, 10, 11, 12, 15, 16, 17, 18, 20, 21, 22, 23, 24, 25, 26, 27, 28, 29, 30, 31, 33], "excluded_lines": [], "functions": {"build_parser": {"executed_lines": [], "summary": {"covered_lines": 0, "num_statements": 4, "percent_covered": 0.0, "percent_covered_display": "0", "missing_lines": 4, "excluded_lines": 0, "percent_statements_covered": 0.0, "percent_statements_covered_display": "0"}, "missing_lines": [9, 10, 11, 12], "excluded_lines": [], "start_line": 8}, "main": {"executed_lines": [], "summary": {"covered_lines": 0, "num_statements": 16, "percent_covered": 0.0, "percent_covered_display": "0", "missing_lines": 16, "excluded_lines": 0, "percent_statements_covered": 0.0, "percent_statements_covered_display": "0"}, "missing_lines": [16, 17, 18, 20, 21, 22, 23, 24, 25, 26, 27, 28, 29, 30, 31, 33], "excluded_lines": [], "start_line": 15}, "": {"executed_lines": [], "summary": {"covered_lines": 0, "num_statements": 6, "percent_covered": 0.0, "percent_covered_display": "0", "missing_lines": 6, "excluded_lines": 0, "percent_statements_covered": 0.0, "percent_statements_covered_display": "0"}, "missing_lines": [1, 2, 4, 5, 8, 15], "excluded_lines": [], "start_line": 1}}, "classes": {"": {"executed_lines": [], "summary": {"covered_lines": 0, "num_statements": 26, "percent_covered": 0.0, "percent_covered_display": "0", "missing_lines": 26, "excluded_lines": 0, "percent_statements_covered": 0.0, "percent_statements_covered_display": "0"}, "missing_lines": [1, 2, 4, 5, 8, 9, 10, 11, 12, 15, 16, 17, 18, 20, 21, 22, 23, 24, 25, 26, 27, 28, 29, 30, 31, 33], "excluded_lines": [], "start_line": 1}}}, "src/xauusd_ai/backtesting/__init__.py": {"executed_lines": [], "summary": {"covered_lines": 0, "num_statements": 1, "percent_covered": 0.0, "percent_covered_display": "0", "missing_lines": 1, "excluded_lines": 0, "percent_statements_covered": 0.0, "percent_statements_covered_display": "0"}, "missing_lines": [1], "excluded_lines": [], "functions": {"": {"executed_lines": [], "summary": {"covered_lines": 0, "num_statements": 1, "percent_covered": 0.0, "percent_covered_display": "0", "missing_lines": 1, "excluded_lines": 0, "percent_statements_covered": 0.0, "percent_statements_covered_display": "0"}, "missing_lines": [1], "excluded_lines": [], "start_line": 1}}, "classes": {"": {"executed_lines": [], "summary": {"covered_lines": 0, "num_statements": 1, "percent_covered": 0.0, "percent_covered_display": "0", "missing_lines": 1, "excluded_lines": 0, "percent_statements_covered": 0.0, "percent_statements_covered_display": "0"}, "missing_lines": [1], "excluded_lines": [], "start_line": 1}}}, "src/xauusd_ai/backtesting/engine.py": {"executed_lines": [], "summary": {"covered_lines": 0, "num_statements": 498, "percent_covered": 0.0, "percent_covered_display": "0", "missing_lines": 498, "excluded_lines": 0, "percent_statements_covered": 0.0, "percent_statements_covered_display": "0"}, "missing_lines": [1, 3, 4, 5, 6, 8, 10, 11, 12, 13, 14, 17, 18, 19, 20, 23, 34, 35, 36, 37, 38, 39, 40, 41, 42, 45, 46, 47, 48, 49, 50, 51, 53, 54, 55, 56, 57, 58, 59, 60, 66, 67, 68, 71, 74, 76, 77, 78, 79, 83, 86, 87, 89, 92, 93, 102, 103, 104, 105, 108, 111, 113, 114, 115, 116, 117, 118, 119, 120, 121, 122, 123, 147, 148, 149, 150, 151, 152, 153, 154, 155, 156, 157, 158, 159, 160, 161, 162, 163, 164, 166, 167, 168, 192, 196, 219, 220, 221, 224, 225, 226, 227, 228, 229, 230, 231, 233, 234, 235, 238, 239, 240, 242, 243, 245, 246, 248, 249, 251, 252, 253, 254, 255, 258, 259, 261, 264, 266, 269, 271, 272, 274, 275, 277, 278, 280, 283, 286, 287, 289, 294, 296, 297, 298, 299, 302, 323, 329, 330, 331, 332, 333, 336, 337, 338, 339, 340, 341, 346, 347, 348, 349, 350, 351, 352, 353, 354, 356, 357, 360, 361, 362, 363, 364, 365, 366, 367, 368, 369, 372, 373, 374, 377, 378, 379, 380, 381, 382, 384, 385, 388, 389, 390, 391, 392, 395, 396, 397, 400, 401, 402, 403, 405, 406, 408, 409, 410, 411, 413, 416, 419, 420, 423, 424, 425, 427, 428, 430, 432, 433, 434, 435, 436, 437, 438, 439, 440, 441, 442, 443, 444, 445, 446, 447, 448, 449, 450, 451, 453, 454, 455, 456, 458, 459, 461, 462, 465, 466, 469, 470, 471, 472, 474, 476, 477, 478, 479, 480, 481, 484, 485, 486, 487, 488, 490, 491, 492, 493, 496, 497, 498, 499, 500, 501, 502, 503, 504, 505, 506, 507, 508, 509, 512, 513, 514, 515, 516, 519, 520, 521, 522, 523, 524, 525, 526, 527, 529, 530, 531, 532, 533, 534, 537, 538, 539, 540, 541, 542, 544, 545, 546, 547, 548, 549, 550, 551, 552, 553, 554, 555, 557, 558, 561, 562, 563, 564, 565, 566, 570, 571, 572, 573, 574, 575, 576, 577, 578, 580, 582, 585, 586, 587, 588, 590, 593, 594, 595, 596, 597, 599, 601, 602, 605, 606, 607, 610, 611, 612, 613, 614, 615, 616, 617, 618, 619, 620, 622, 624, 625, 627, 628, 629, 630, 634, 635, 636, 637, 639, 640, 642, 643, 644, 647, 648, 649, 650, 653, 654, 666, 667, 670, 671, 672, 673, 674, 678, 680, 682, 683, 687, 688, 689, 692, 693, 694, 696, 698, 707, 708, 709, 711, 712, 715, 716, 717, 718, 719, 720, 721, 722, 723, 724, 725, 728, 729, 730, 731, 732, 733, 734, 735, 736, 738, 739, 740, 741, 743, 744, 745, 746, 747, 748, 749, 750, 752, 778, 781, 784, 785, 786, 787, 788, 789, 790, 791, 792, 793, 794, 795, 796, 797, 798, 801, 802, 804, 805, 806, 807, 808, 809, 810, 812, 813, 814, 815, 821, 822, 823, 824, 825, 826, 827, 828, 829, 830, 831, 832, 834, 835, 837, 843, 874, 877, 886, 887, 888, 889, 890], "excluded_lines": [], "functions": {"simulate_prediction_backtest": {"executed_lines": [], "summary": {"covered_lines": 0, "num_statements": 78, "percent_covered": 0.0, "percent_covered_display": "0", "missing_lines": 78, "excluded_lines": 0, "percent_statements_covered": 0.0, "percent_statements_covered_display": "0"}, "missing_lines": [34, 35, 36, 37, 38, 39, 40, 41, 42, 45, 46, 47, 48, 49, 50, 51, 53, 54, 55, 56, 57, 58, 59, 60, 66, 67, 68, 71, 74, 76, 77, 78, 79, 83, 86, 87, 89, 92, 93, 102, 103, 104, 105, 108, 111, 113, 114, 115, 116, 117, 118, 119, 120, 121, 122, 123, 147, 148, 149, 150, 151, 152, 153, 154, 155, 156, 157, 158, 159, 160, 161, 162, 163, 164, 166, 167, 168, 192], "excluded_lines": [], "start_line": 23}, "_simulate_trade_m1_trailing": {"executed_lines": [], "summary": {"covered_lines": 0, "num_statements": 50, "percent_covered": 0.0, "percent_covered_display": "0", "missing_lines": 50, "excluded_lines": 0, "percent_statements_covered": 0.0, "percent_statements_covered_display": "0"}, "missing_lines": [219, 220, 221, 224, 225, 226, 227, 228, 229, 230, 231, 233, 234, 235, 238, 239, 240, 242, 243, 245, 246, 248, 249, 251, 252, 253, 254, 255, 258, 259, 261, 264, 266, 269, 271, 272, 274, 275, 277, 278, 280, 283, 286, 287, 289, 294, 296, 297, 298, 299], "excluded_lines": [], "start_line": 196}, "simulate_dynamic_concurrent_backtest": {"executed_lines": [], "summary": {"covered_lines": 0, "num_statements": 346, "percent_covered": 0.0, "percent_covered_display": "0", "missing_lines": 346, "excluded_lines": 0, "percent_statements_covered": 0.0, "percent_statements_covered_display": "0"}, "missing_lines": [323, 329, 330, 331, 332, 333, 336, 337, 338, 339, 340, 341, 346, 347, 348, 349, 350, 351, 352, 353, 354, 356, 357, 360, 361, 362, 363, 364, 365, 366, 367, 368, 369, 372, 373, 374, 377, 378, 379, 380, 381, 382, 384, 385, 388, 389, 390, 391, 392, 395, 396, 397, 400, 401, 402, 403, 405, 406, 408, 409, 410, 411, 413, 416, 419, 420, 423, 424, 425, 427, 428, 430, 432, 433, 434, 435, 436, 437, 438, 439, 440, 441, 442, 443, 444, 445, 446, 447, 448, 449, 450, 451, 453, 454, 455, 456, 458, 459, 461, 462, 465, 466, 469, 470, 471, 472, 474, 476, 477, 478, 479, 480, 481, 484, 485, 486, 487, 488, 490, 491, 492, 493, 496, 497, 498, 499, 500, 501, 502, 503, 504, 505, 506, 507, 508, 509, 512, 513, 514, 515, 516, 519, 520, 521, 522, 523, 524, 525, 526, 527, 529, 530, 531, 532, 533, 534, 537, 538, 539, 540, 541, 542, 544, 545, 546, 547, 548, 549, 550, 551, 552, 553, 554, 555, 557, 558, 561, 562, 563, 564, 565, 566, 570, 571, 572, 573, 574, 575, 576, 577, 578, 580, 582, 585, 586, 587, 588, 590, 593, 594, 595, 596, 597, 599, 601, 602, 605, 606, 607, 610, 611, 612, 613, 614, 615, 616, 617, 618, 619, 620, 622, 624, 625, 627, 628, 629, 630, 634, 635, 636, 637, 639, 640, 642, 643, 644, 647, 648, 649, 650, 653, 654, 666, 667, 670, 671, 672, 673, 674, 678, 680, 682, 683, 687, 688, 689, 692, 693, 694, 696, 698, 707, 708, 709, 711, 712, 715, 716, 717, 718, 719, 720, 721, 722, 723, 724, 725, 728, 729, 730, 731, 732, 733, 734, 735, 736, 738, 739, 740, 741, 743, 744, 745, 746, 747, 748, 749, 750, 752, 778, 781, 784, 785, 786, 787, 788, 789, 790, 791, 792, 793, 794, 795, 796, 797, 798, 801, 802, 804, 805, 806, 807, 808, 809, 810, 812, 813, 814, 815, 821, 822, 823, 824, 825, 826, 827, 828, 829, 830, 831, 832, 834, 835, 837, 843, 874], "excluded_lines": [], "start_line": 302}, "write_backtest_outputs": {"executed_lines": [], "summary": {"covered_lines": 0, "num_statements": 5, "percent_covered": 0.0, "percent_covered_display": "0", "missing_lines": 5, "excluded_lines": 0, "percent_statements_covered": 0.0, "percent_statements_covered_display": "0"}, "missing_lines": [886, 887, 888, 889, 890], "excluded_lines": [], "start_line": 877}, "": {"executed_lines": [], "summary": {"covered_lines": 0, "num_statements": 19, "percent_covered": 0.0, "percent_covered_display": "0", "missing_lines": 19, "excluded_lines": 0, "percent_statements_covered": 0.0, "percent_statements_covered_display": "0"}, "missing_lines": [1, 3, 4, 5, 6, 8, 10, 11, 12, 13, 14, 17, 18, 19, 20, 23, 196, 302, 877], "excluded_lines": [], "start_line": 1}}, "classes": {"SimulationResult": {"executed_lines": [], "summary": {"covered_lines": 0, "num_statements": 0, "percent_covered": 100.0, "percent_covered_display": "100", "missing_lines": 0, "excluded_lines": 0, "percent_statements_covered": 100.0, "percent_statements_covered_display": "100"}, "missing_lines": [], "excluded_lines": [], "start_line": 18}, "": {"executed_lines": [], "summary": {"covered_lines": 0, "num_statements": 498, "percent_covered": 0.0, "percent_covered_display": "0", "missing_lines": 498, "excluded_lines": 0, "percent_statements_covered": 0.0, "percent_statements_covered_display": "0"}, "missing_lines": [1, 3, 4, 5, 6, 8, 10, 11, 12, 13, 14, 17, 18, 19, 20, 23, 34, 35, 36, 37, 38, 39, 40, 41, 42, 45, 46, 47, 48, 49, 50, 51, 53, 54, 55, 56, 57, 58, 59, 60, 66, 67, 68, 71, 74, 76, 77, 78, 79, 83, 86, 87, 89, 92, 93, 102, 103, 104, 105, 108, 111, 113, 114, 115, 116, 117, 118, 119, 120, 121, 122, 123, 147, 148, 149, 150, 151, 152, 153, 154, 155, 156, 157, 158, 159, 160, 161, 162, 163, 164, 166, 167, 168, 192, 196, 219, 220, 221, 224, 225, 226, 227, 228, 229, 230, 231, 233, 234, 235, 238, 239, 240, 242, 243, 245, 246, 248, 249, 251, 252, 253, 254, 255, 258, 259, 261, 264, 266, 269, 271, 272, 274, 275, 277, 278, 280, 283, 286, 287, 289, 294, 296, 297, 298, 299, 302, 323, 329, 330, 331, 332, 333, 336, 337, 338, 339, 340, 341, 346, 347, 348, 349, 350, 351, 352, 353, 354, 356, 357, 360, 361, 362, 363, 364, 365, 366, 367, 368, 369, 372, 373, 374, 377, 378, 379, 380, 381, 382, 384, 385, 388, 389, 390, 391, 392, 395, 396, 397, 400, 401, 402, 403, 405, 406, 408, 409, 410, 411, 413, 416, 419, 420, 423, 424, 425, 427, 428, 430, 432, 433, 434, 435, 436, 437, 438, 439, 440, 441, 442, 443, 444, 445, 446, 447, 448, 449, 450, 451, 453, 454, 455, 456, 458, 459, 461, 462, 465, 466, 469, 470, 471, 472, 474, 476, 477, 478, 479, 480, 481, 484, 485, 486, 487, 488, 490, 491, 492, 493, 496, 497, 498, 499, 500, 501, 502, 503, 504, 505, 506, 507, 508, 509, 512, 513, 514, 515, 516, 519, 520, 521, 522, 523, 524, 525, 526, 527, 529, 530, 531, 532, 533, 534, 537, 538, 539, 540, 541, 542, 544, 545, 546, 547, 548, 549, 550, 551, 552, 553, 554, 555, 557, 558, 561, 562, 563, 564, 565, 566, 570, 571, 572, 573, 574, 575, 576, 577, 578, 580, 582, 585, 586, 587, 588, 590, 593, 594, 595, 596, 597, 599, 601, 602, 605, 606, 607, 610, 611, 612, 613, 614, 615, 616, 617, 618, 619, 620, 622, 624, 625, 627, 628, 629, 630, 634, 635, 636, 637, 639, 640, 642, 643, 644, 647, 648, 649, 650, 653, 654, 666, 667, 670, 671, 672, 673, 674, 678, 680, 682, 683, 687, 688, 689, 692, 693, 694, 696, 698, 707, 708, 709, 711, 712, 715, 716, 717, 718, 719, 720, 721, 722, 723, 724, 725, 728, 729, 730, 731, 732, 733, 734, 735, 736, 738, 739, 740, 741, 743, 744, 745, 746, 747, 748, 749, 750, 752, 778, 781, 784, 785, 786, 787, 788, 789, 790, 791, 792, 793, 794, 795, 796, 797, 798, 801, 802, 804, 805, 806, 807, 808, 809, 810, 812, 813, 814, 815, 821, 822, 823, 824, 825, 826, 827, 828, 829, 830, 831, 832, 834, 835, 837, 843, 874, 877, 886, 887, 888, 889, 890], "excluded_lines": [], "start_line": 1}}}, "src/xauusd_ai/backtesting/slippage.py": {"executed_lines": [], "summary": {"covered_lines": 0, "num_statements": 32, "percent_covered": 0.0, "percent_covered_display": "0", "missing_lines": 32, "excluded_lines": 0, "percent_statements_covered": 0.0, "percent_statements_covered_display": "0"}, "missing_lines": [16, 18, 19, 22, 66, 71, 72, 73, 75, 79, 83, 84, 87, 90, 93, 96, 129, 132, 133, 136, 138, 141, 165, 168, 169, 172, 173, 176, 177, 180, 181, 185], "excluded_lines": [], "functions": {"calculate_slippage_pips": {"executed_lines": [], "summary": {"covered_lines": 0, "num_statements": 11, "percent_covered": 0.0, "percent_covered_display": "0", "missing_lines": 11, "excluded_lines": 0, "percent_statements_covered": 0.0, "percent_statements_covered_display": "0"}, "missing_lines": [66, 71, 72, 73, 75, 79, 83, 84, 87, 90, 93], "excluded_lines": [], "start_line": 22}, "calculate_slippage_rr": {"executed_lines": [], "summary": {"covered_lines": 0, "num_statements": 5, "percent_covered": 0.0, "percent_covered_display": "0", "missing_lines": 5, "excluded_lines": 0, "percent_statements_covered": 0.0, "percent_statements_covered_display": "0"}, "missing_lines": [129, 132, 133, 136, 138], "excluded_lines": [], "start_line": 96}, "get_session_multiplier": {"executed_lines": [], "summary": {"covered_lines": 0, "num_statements": 10, "percent_covered": 0.0, "percent_covered_display": "0", "missing_lines": 10, "excluded_lines": 0, "percent_statements_covered": 0.0, "percent_statements_covered_display": "0"}, "missing_lines": [165, 168, 169, 172, 173, 176, 177, 180, 181, 185], "excluded_lines": [], "start_line": 141}, "": {"executed_lines": [], "summary": {"covered_lines": 0, "num_statements": 6, "percent_covered": 0.0, "percent_covered_display": "0", "missing_lines": 6, "excluded_lines": 0, "percent_statements_covered": 0.0, "percent_statements_covered_display": "0"}, "missing_lines": [16, 18, 19, 22, 96, 141], "excluded_lines": [], "start_line": 1}}, "classes": {"": {"executed_lines": [], "summary": {"covered_lines": 0, "num_statements": 32, "percent_covered": 0.0, "percent_covered_display": "0", "missing_lines": 32, "excluded_lines": 0, "percent_statements_covered": 0.0, "percent_statements_covered_display": "0"}, "missing_lines": [16, 18, 19, 22, 66, 71, 72, 73, 75, 79, 83, 84, 87, 90, 93, 96, 129, 132, 133, 136, 138, 141, 165, 168, 169, 172, 173, 176, 177, 180, 181, 185], "excluded_lines": [], "start_line": 1}}}, "src/xauusd_ai/config.py": {"executed_lines": [], "summary": {"covered_lines": 0, "num_statements": 350, "percent_covered": 0.0, "percent_covered_display": "0", "missing_lines": 350, "excluded_lines": 0, "percent_statements_covered": 0.0, "percent_statements_covered_display": "0"}, "missing_lines": [1, 3, 4, 5, 7, 8, 11, 12, 15, 16, 17, 18, 19, 20, 21, 22, 23, 24, 25, 26, 27, 28, 29, 30, 31, 32, 33, 36, 37, 38, 39, 40, 41, 42, 43, 44, 45, 46, 47, 48, 49, 51, 52, 53, 54, 57, 58, 61, 62, 63, 64, 65, 66, 67, 70, 71, 72, 73, 74, 75, 76, 77, 78, 79, 80, 81, 82, 83, 84, 85, 86, 87, 88, 89, 92, 93, 94, 95, 96, 97, 98, 99, 100, 101, 102, 103, 104, 105, 106, 107, 108, 109, 110, 111, 112, 115, 116, 117, 118, 119, 120, 121, 122, 123, 124, 125, 126, 127, 128, 129, 130, 131, 132, 133, 134, 135, 136, 137, 138, 139, 140, 141, 142, 144, 145, 148, 150, 151, 153, 154, 155, 156, 157, 158, 161, 162, 163, 164, 165, 166, 167, 168, 169, 170, 171, 172, 175, 176, 178, 179, 183, 187, 189, 193, 197, 199, 203, 206, 209, 212, 214, 216, 218, 219, 221, 222, 224, 227, 228, 229, 230, 231, 232, 235, 236, 237, 241, 243, 244, 245, 247, 253, 258, 259, 262, 267, 268, 269, 270, 273, 276, 277, 278, 279, 280, 283, 295, 298, 299, 300, 303, 304, 305, 306, 307, 310, 311, 312, 313, 316, 319, 320, 321, 322, 323, 324, 325, 326, 327, 328, 329, 330, 333, 334, 336, 337, 340, 341, 342, 344, 346, 348, 351, 352, 353, 355, 357, 360, 361, 362, 364, 366, 369, 370, 371, 372, 373, 376, 377, 378, 379, 380, 381, 382, 383, 384, 385, 386, 387, 388, 389, 390, 391, 392, 393, 394, 395, 396, 397, 398, 399, 400, 401, 402, 403, 404, 405, 406, 407, 408, 409, 410, 411, 412, 413, 414, 415, 416, 417, 418, 419, 420, 421, 425, 428, 430, 432, 435, 438, 439, 440, 443, 444, 445, 446, 447, 449, 450, 451, 452, 455, 456, 457, 460, 461, 462, 463, 464, 465, 466, 467, 468, 469, 472, 473, 474, 475, 478, 479, 480, 481, 484, 485, 486, 487, 488, 489, 490, 491, 492, 493, 494, 495, 498, 499, 500, 501, 502, 503, 504], "excluded_lines": [], "functions": {"load_settings": {"executed_lines": [], "summary": {"covered_lines": 0, "num_statements": 6, "percent_covered": 0.0, "percent_covered_display": "0", "missing_lines": 6, "excluded_lines": 0, "percent_statements_covered": 0.0, "percent_statements_covered_display": "0"}, "missing_lines": [499, 500, 501, 502, 503, 504], "excluded_lines": [], "start_line": 498}, "": {"executed_lines": [], "summary": {"covered_lines": 0, "num_statements": 344, "percent_covered": 0.0, "percent_covered_display": "0", "missing_lines": 344, "excluded_lines": 0, "percent_statements_covered": 0.0, "percent_statements_covered_display": "0"}, "missing_lines": [1, 3, 4, 5, 7, 8, 11, 12, 15, 16, 17, 18, 19, 20, 21, 22, 23, 24, 25, 26, 27, 28, 29, 30, 31, 32, 33, 36, 37, 38, 39, 40, 41, 42, 43, 44, 45, 46, 47, 48, 49, 51, 52, 53, 54, 57, 58, 61, 62, 63, 64, 65, 66, 67, 70, 71, 72, 73, 74, 75, 76, 77, 78, 79, 80, 81, 82, 83, 84, 85, 86, 87, 88, 89, 92, 93, 94, 95, 96, 97, 98, 99, 100, 101, 102, 103, 104, 105, 106, 107, 108, 109, 110, 111, 112, 115, 116, 117, 118, 119, 120, 121, 122, 123, 124, 125, 126, 127, 128, 129, 130, 131, 132, 133, 134, 135, 136, 137, 138, 139, 140, 141, 142, 144, 145, 148, 150, 151, 153, 154, 155, 156, 157, 158, 161, 162, 163, 164, 165, 166, 167, 168, 169, 170, 171, 172, 175, 176, 178, 179, 183, 187, 189, 193, 197, 199, 203, 206, 209, 212, 214, 216, 218, 219, 221, 222, 224, 227, 228, 229, 230, 231, 232, 235, 236, 237, 241, 243, 244, 245, 247, 253, 258, 259, 262, 267, 268, 269, 270, 273, 276, 277, 278, 279, 280, 283, 295, 298, 299, 300, 303, 304, 305, 306, 307, 310, 311, 312, 313, 316, 319, 320, 321, 322, 323, 324, 325, 326, 327, 328, 329, 330, 333, 334, 336, 337, 340, 341, 342, 344, 346, 348, 351, 352, 353, 355, 357, 360, 361, 362, 364, 366, 369, 370, 371, 372, 373, 376, 377, 378, 379, 380, 381, 382, 383, 384, 385, 386, 387, 388, 389, 390, 391, 392, 393, 394, 395, 396, 397, 398, 399, 400, 401, 402, 403, 404, 405, 406, 407, 408, 409, 410, 411, 412, 413, 414, 415, 416, 417, 418, 419, 420, 421, 425, 428, 430, 432, 435, 438, 439, 440, 443, 444, 445, 446, 447, 449, 450, 451, 452, 455, 456, 457, 460, 461, 462, 463, 464, 465, 466, 467, 468, 469, 472, 473, 474, 475, 478, 479, 480, 481, 484, 485, 486, 487, 488, 489, 490, 491, 492, 493, 494, 495, 498], "excluded_lines": [], "start_line": 1}}, "classes": {"StrictSettingsModel": {"executed_lines": [], "summary": {"covered_lines": 0, "num_statements": 0, "percent_covered": 100.0, "percent_covered_display": "100", "missing_lines": 0, "excluded_lines": 0, "percent_statements_covered": 100.0, "percent_statements_covered_display": "100"}, "missing_lines": [], "excluded_lines": [], "start_line": 11}, "AppSettings": {"executed_lines": [], "summary": {"covered_lines": 0, "num_statements": 0, "percent_covered": 100.0, "percent_covered_display": "100", "missing_lines": 0, "excluded_lines": 0, "percent_statements_covered": 100.0, "percent_statements_covered_display": "100"}, "missing_lines": [], "excluded_lines": [], "start_line": 15}, "MarketSettings": {"executed_lines": [], "summary": {"covered_lines": 0, "num_statements": 0, "percent_covered": 100.0, "percent_covered_display": "100", "missing_lines": 0, "excluded_lines": 0, "percent_statements_covered": 100.0, "percent_statements_covered_display": "100"}, "missing_lines": [], "excluded_lines": [], "start_line": 36}, "StrategyEnabled": {"executed_lines": [], "summary": {"covered_lines": 0, "num_statements": 0, "percent_covered": 100.0, "percent_covered_display": "100", "missing_lines": 0, "excluded_lines": 0, "percent_statements_covered": 100.0, "percent_statements_covered_display": "100"}, "missing_lines": [], "excluded_lines": [], "start_line": 61}, "RegimeShutdownRuleSettings": {"executed_lines": [], "summary": {"covered_lines": 0, "num_statements": 0, "percent_covered": 100.0, "percent_covered_display": "100", "missing_lines": 0, "excluded_lines": 0, "percent_statements_covered": 100.0, "percent_statements_covered_display": "100"}, "missing_lines": [], "excluded_lines": [], "start_line": 70}, "RiskThrottleRuleSettings": {"executed_lines": [], "summary": {"covered_lines": 0, "num_statements": 0, "percent_covered": 100.0, "percent_covered_display": "100", "missing_lines": 0, "excluded_lines": 0, "percent_statements_covered": 100.0, "percent_statements_covered_display": "100"}, "missing_lines": [], "excluded_lines": [], "start_line": 92}, "StrategySettings": {"executed_lines": [], "summary": {"covered_lines": 0, "num_statements": 0, "percent_covered": 100.0, "percent_covered_display": "100", "missing_lines": 0, "excluded_lines": 0, "percent_statements_covered": 100.0, "percent_statements_covered_display": "100"}, "missing_lines": [], "excluded_lines": [], "start_line": 115}, "RiskSettings": {"executed_lines": [], "summary": {"covered_lines": 0, "num_statements": 0, "percent_covered": 100.0, "percent_covered_display": "100", "missing_lines": 0, "excluded_lines": 0, "percent_statements_covered": 100.0, "percent_statements_covered_display": "100"}, "missing_lines": [], "excluded_lines": [], "start_line": 161}, "TrailingSlSettings": {"executed_lines": [], "summary": {"covered_lines": 0, "num_statements": 0, "percent_covered": 100.0, "percent_covered_display": "100", "missing_lines": 0, "excluded_lines": 0, "percent_statements_covered": 100.0, "percent_statements_covered_display": "100"}, "missing_lines": [], "excluded_lines": [], "start_line": 262}, "DcaSettings": {"executed_lines": [], "summary": {"covered_lines": 0, "num_statements": 0, "percent_covered": 100.0, "percent_covered_display": "100", "missing_lines": 0, "excluded_lines": 0, "percent_statements_covered": 100.0, "percent_statements_covered_display": "100"}, "missing_lines": [], "excluded_lines": [], "start_line": 273}, "ExitModelSettings": {"executed_lines": [], "summary": {"covered_lines": 0, "num_statements": 0, "percent_covered": 100.0, "percent_covered_display": "100", "missing_lines": 0, "excluded_lines": 0, "percent_statements_covered": 100.0, "percent_statements_covered_display": "100"}, "missing_lines": [], "excluded_lines": [], "start_line": 283}, "ExecutionSettings": {"executed_lines": [], "summary": {"covered_lines": 0, "num_statements": 0, "percent_covered": 100.0, "percent_covered_display": "100", "missing_lines": 0, "excluded_lines": 0, "percent_statements_covered": 100.0, "percent_statements_covered_display": "100"}, "missing_lines": [], "excluded_lines": [], "start_line": 316}, "CanaryDeploySettings": {"executed_lines": [], "summary": {"covered_lines": 0, "num_statements": 0, "percent_covered": 100.0, "percent_covered_display": "100", "missing_lines": 0, "excluded_lines": 0, "percent_statements_covered": 100.0, "percent_statements_covered_display": "100"}, "missing_lines": [], "excluded_lines": [], "start_line": 333}, "AutoRollbackSettings": {"executed_lines": [], "summary": {"covered_lines": 0, "num_statements": 0, "percent_covered": 100.0, "percent_covered_display": "100", "missing_lines": 0, "excluded_lines": 0, "percent_statements_covered": 100.0, "percent_statements_covered_display": "100"}, "missing_lines": [], "excluded_lines": [], "start_line": 340}, "DataHealthMonitorSettings": {"executed_lines": [], "summary": {"covered_lines": 0, "num_statements": 0, "percent_covered": 100.0, "percent_covered_display": "100", "missing_lines": 0, "excluded_lines": 0, "percent_statements_covered": 100.0, "percent_statements_covered_display": "100"}, "missing_lines": [], "excluded_lines": [], "start_line": 351}, "AdminSettings": {"executed_lines": [], "summary": {"covered_lines": 0, "num_statements": 0, "percent_covered": 100.0, "percent_covered_display": "100", "missing_lines": 0, "excluded_lines": 0, "percent_statements_covered": 100.0, "percent_statements_covered_display": "100"}, "missing_lines": [], "excluded_lines": [], "start_line": 369}, "TrainingSettings": {"executed_lines": [], "summary": {"covered_lines": 0, "num_statements": 0, "percent_covered": 100.0, "percent_covered_display": "100", "missing_lines": 0, "excluded_lines": 0, "percent_statements_covered": 100.0, "percent_statements_covered_display": "100"}, "missing_lines": [], "excluded_lines": [], "start_line": 376}, "NotificationSettings": {"executed_lines": [], "summary": {"covered_lines": 0, "num_statements": 0, "percent_covered": 100.0, "percent_covered_display": "100", "missing_lines": 0, "excluded_lines": 0, "percent_statements_covered": 100.0, "percent_statements_covered_display": "100"}, "missing_lines": [], "excluded_lines": [], "start_line": 438}, "Mt5IntegrationSettings": {"executed_lines": [], "summary": {"covered_lines": 0, "num_statements": 0, "percent_covered": 100.0, "percent_covered_display": "100", "missing_lines": 0, "excluded_lines": 0, "percent_statements_covered": 100.0, "percent_statements_covered_display": "100"}, "missing_lines": [], "excluded_lines": [], "start_line": 443}, "TelegramIntegrationSettings": {"executed_lines": [], "summary": {"covered_lines": 0, "num_statements": 0, "percent_covered": 100.0, "percent_covered_display": "100", "missing_lines": 0, "excluded_lines": 0, "percent_statements_covered": 100.0, "percent_statements_covered_display": "100"}, "missing_lines": [], "excluded_lines": [], "start_line": 455}, "NewsIntegrationSettings": {"executed_lines": [], "summary": {"covered_lines": 0, "n
[...]
journal_entry": {"executed_lines": [], "summary": {"covered_lines": 0, "num_statements": 59, "percent_covered": 0.0, "percent_covered_display": "0", "missing_lines": 59, "excluded_lines": 0, "percent_statements_covered": 0.0, "percent_statements_covered_display": "0"}, "missing_lines": [1777, 1778, 1779, 1780, 1781, 1782, 1783, 1784, 1785, 1786, 1787, 1788, 1790, 1791, 1792, 1793, 1794, 1795, 1796, 1798, 1799, 1800, 1801, 1803, 1804, 1805, 1806, 1807, 1808, 1809, 1810, 1811, 1812, 1813, 1814, 1815, 1825, 1826, 1827, 1828, 1830, 1831, 1832, 1833, 1834, 1844, 1845, 1846, 1847, 1848, 1849, 1850, 1852, 1853, 1855, 1856, 1857, 1858, 1860], "excluded_lines": [], "start_line": 1768}, "run_live_loop._append_trade_journal": {"executed_lines": [], "summary": {"covered_lines": 0, "num_statements": 7, "percent_covered": 0.0, "percent_covered_display": "0", "missing_lines": 7, "excluded_lines": 0, "percent_statements_covered": 0.0, "percent_statements_covered_display": "0"}, "missing_lines": [1891, 1892, 1893, 1894, 1895, 1896, 1897], "excluded_lines": [], "start_line": 1890}, "run_live_loop._notify_trade_journal": {"executed_lines": [], "summary": {"covered_lines": 0, "num_statements": 10, "percent_covered": 0.0, "percent_covered_display": "0", "missing_lines": 10, "excluded_lines": 0, "percent_statements_covered": 0.0, "percent_statements_covered_display": "0"}, "missing_lines": [1900, 1901, 1902, 1903, 1904, 1905, 1906, 1912, 1922, 1923], "excluded_lines": [], "start_line": 1899}, "run_live_loop._record_trade_journal": {"executed_lines": [], "summary": {"covered_lines": 0, "num_statements": 3, "percent_covered": 0.0, "percent_covered_display": "0", "missing_lines": 3, "excluded_lines": 0, "percent_statements_covered": 0.0, "percent_statements_covered_display": "0"}, "missing_lines": [1934, 1943, 1944], "excluded_lines": [], "start_line": 1925}, "run_live_loop._price_changed": {"executed_lines": [], "summary": {"covered_lines": 0, "num_statements": 1, "percent_covered": 0.0, "percent_covered_display": "0", "missing_lines": 1, "excluded_lines": 0, "percent_statements_covered": 0.0, "percent_statements_covered_display": "0"}, "missing_lines": [1987], "excluded_lines": [], "start_line": 1986}, "run_live_loop._track_sltp_state": {"executed_lines": [], "summary": {"covered_lines": 0, "num_statements": 4, "percent_covered": 0.0, "percent_covered_display": "0", "missing_lines": 4, "excluded_lines": 0, "percent_statements_covered": 0.0, "percent_statements_covered_display": "0"}, "missing_lines": [1990, 1991, 1992, 1993], "excluded_lines": [], "start_line": 1989}, "run_live_loop._notify_sltp_change": {"executed_lines": [], "summary": {"covered_lines": 0, "num_statements": 21, "percent_covered": 0.0, "percent_covered_display": "0", "missing_lines": 21, "excluded_lines": 0, "percent_statements_covered": 0.0, "percent_statements_covered_display": "0"}, "missing_lines": [2012, 2013, 2014, 2015, 2016, 2017, 2018, 2019, 2020, 2021, 2022, 2023, 2024, 2025, 2026, 2032, 2033, 2034, 2035, 2036, 2037], "excluded_lines": [], "start_line": 1999}, "run_live_loop._sync_sltp_tracker": {"executed_lines": [], "summary": {"covered_lines": 0, "num_statements": 26, "percent_covered": 0.0, "percent_covered_display": "0", "missing_lines": 26, "excluded_lines": 0, "percent_statements_covered": 0.0, "percent_statements_covered_display": "0"}, "missing_lines": [2041, 2042, 2043, 2044, 2045, 2046, 2047, 2048, 2049, 2050, 2051, 2052, 2053, 2054, 2055, 2056, 2057, 2058, 2059, 2060, 2071, 2073, 2074, 2075, 2076, 2077], "excluded_lines": [], "start_line": 2039}, "run_live_loop._is_in_alert_window": {"executed_lines": [], "summary": {"covered_lines": 0, "num_statements": 4, "percent_covered": 0.0, "percent_covered_display": "0", "missing_lines": 4, "excluded_lines": 0, "percent_statements_covered": 0.0, "percent_statements_covered_display": "0"}, "missing_lines": [2080, 2081, 2082, 2083], "excluded_lines": [], "start_line": 2079}, "run_live_loop._format_alert_lead": {"executed_lines": [], "summary": {"covered_lines": 0, "num_statements": 7, "percent_covered": 0.0, "percent_covered_display": "0", "missing_lines": 7, "excluded_lines": 0, "percent_statements_covered": 0.0, "percent_statements_covered_display": "0"}, "missing_lines": [2086, 2087, 2088, 2089, 2090, 2091, 2092], "excluded_lines": [], "start_line": 2085}, "run_live_loop._notify_market_state": {"executed_lines": [], "summary": {"covered_lines": 0, "num_statements": 53, "percent_covered": 0.0, "percent_covered_display": "0", "missing_lines": 53, "excluded_lines": 0, "percent_statements_covered": 0.0, "percent_statements_covered_display": "0"}, "missing_lines": [2096, 2097, 2098, 2099, 2100, 2101, 2102, 2104, 2105, 2106, 2107, 2112, 2113, 2114, 2115, 2116, 2117, 2118, 2119, 2123, 2124, 2125, 2126, 2128, 2132, 2133, 2134, 2135, 2136, 2137, 2141, 2142, 2143, 2145, 2146, 2147, 2148, 2149, 2150, 2151, 2152, 2157, 2159, 2160, 2161, 2162, 2163, 2164, 2165, 2166, 2171, 2173, 2174], "excluded_lines": [], "start_line": 2094}, "run_live_loop._row_feature_value": {"executed_lines": [], "summary": {"covered_lines": 0, "num_statements": 7, "percent_covered": 0.0, "percent_covered_display": "0", "missing_lines": 7, "excluded_lines": 0, "percent_statements_covered": 0.0, "percent_statements_covered_display": "0"}, "missing_lines": [2209, 2210, 2211, 2212, 2213, 2214, 2215], "excluded_lines": [], "start_line": 2208}, "run_live_loop._record_sl_reentry_marker": {"executed_lines": [], "summary": {"covered_lines": 0, "num_statements": 12, "percent_covered": 0.0, "percent_covered_display": "0", "missing_lines": 12, "excluded_lines": 0, "percent_statements_covered": 0.0, "percent_statements_covered_display": "0"}, "missing_lines": [2222, 2223, 2224, 2225, 2226, 2227, 2228, 2229, 2230, 2231, 2232, 2239], "excluded_lines": [], "start_line": 2217}, "run_live_loop._check_closed_positions": {"executed_lines": [], "summary": {"covered_lines": 0, "num_statements": 71, "percent_covered": 0.0, "percent_covered_display": "0", "missing_lines": 71, "excluded_lines": 0, "percent_statements_covered": 0.0, "percent_statements_covered_display": "0"}, "missing_lines": [2262, 2263, 2264, 2265, 2266, 2270, 2271, 2272, 2273, 2274, 2275, 2276, 2277, 2278, 2279, 2280, 2281, 2284, 2285, 2286, 2287, 2288, 2289, 2290, 2292, 2296, 2297, 2298, 2302, 2309, 2310, 2317, 2318, 2319, 2323, 2324, 2325, 2326, 2327, 2328, 2329, 2330, 2331, 2336, 2337, 2338, 2339, 2340, 2341, 2344, 2348, 2357, 2358, 2368, 2369, 2370, 2372, 2373, 2380, 2381, 2389, 2390, 2391, 2393, 2394, 2395, 2396, 2400, 2401, 2402, 2403], "excluded_lines": [], "start_line": 2259}, "run_live_loop._check_reentry_guard": {"executed_lines": [], "summary": {"covered_lines": 0, "num_statements": 47, "percent_covered": 0.0, "percent_covered_display": "0", "missing_lines": 47, "excluded_lines": 0, "percent_statements_covered": 0.0, "percent_statements_covered_display": "0"}, "missing_lines": [2415, 2416, 2417, 2418, 2419, 2423, 2424, 2425, 2426, 2427, 2428, 2429, 2430, 2431, 2432, 2433, 2434, 2439, 2440, 2441, 2443, 2444, 2445, 2447, 2448, 2449, 2450, 2451, 2452, 2453, 2458, 2459, 2460, 2462, 2463, 2464, 2465, 2466, 2467, 2468, 2469, 2470, 2472, 2473, 2474, 2475, 2481], "excluded_lines": [], "start_line": 2409}, "run_live_loop._check_exit_model": {"executed_lines": [], "summary": {"covered_lines": 0, "num_statements": 42, "percent_covered": 0.0, "percent_covered_display": "0", "missing_lines": 42, "excluded_lines": 0, "percent_statements_covered": 0.0, "percent_statements_covered_display": "0"}, "missing_lines": [2485, 2486, 2487, 2488, 2489, 2490, 2491, 2492, 2493, 2494, 2495, 2496, 2497, 2498, 2499, 2500, 2501, 2502, 2503, 2504, 2507, 2508, 2509, 2510, 2513, 2514, 2515, 2516, 2519, 2520, 2522, 2523, 2524, 2535, 2536, 2540, 2541, 2542, 2543, 2549, 2553, 2554], "excluded_lines": [], "start_line": 2483}, "run_mt5_check": {"executed_lines": [], "summary": {"covered_lines": 0, "num_statements": 4, "percent_covered": 0.0, "percent_covered_display": "0", "missing_lines": 4, "excluded_lines": 0, "percent_statements_covered": 0.0, "percent_statements_covered_display": "0"}, "missing_lines": [3335, 3336, 3337, 3338], "excluded_lines": [], "start_line": 3334}, "": {"executed_lines": [], "summary": {"covered_lines": 0, "num_statements": 52, "percent_covered": 0.0, "percent_covered_display": "0", "missing_lines": 52, "excluded_lines": 0, "percent_statements_covered": 0.0, "percent_statements_covered_display": "0"}, "missing_lines": [1, 3, 4, 5, 6, 7, 8, 9, 10, 11, 12, 13, 15, 16, 18, 19, 20, 21, 22, 23, 24, 25, 31, 32, 33, 34, 35, 38, 41, 50, 69, 84, 91, 94, 107, 119, 164, 171, 184, 197, 208, 219, 226, 233, 240, 247, 289, 303, 347, 620, 781, 3334], "excluded_lines": [], "start_line": 1}}, "classes": {"_LearnerThread": {"executed_lines": [], "summary": {"covered_lines": 0, "num_statements": 76, "percent_covered": 0.0, "percent_covered_display": "0", "missing_lines": 76, "excluded_lines": 0, "percent_statements_covered": 0.0, "percent_statements_covered_display": "0"}, "missing_lines": [55, 56, 57, 59, 61, 63, 64, 71, 72, 73, 75, 76, 77, 78, 79, 80, 81, 82, 86, 87, 88, 89, 92, 95, 96, 97, 98, 99, 100, 101, 102, 103, 104, 105, 108, 109, 110, 111, 112, 113, 114, 120, 121, 122, 123, 125, 126, 127, 128, 129, 131, 132, 133, 134, 135, 136, 137, 138, 139, 141, 142, 143, 144, 147, 148, 149, 150, 151, 152, 153, 154, 155, 157, 158, 159, 161], "excluded_lines": [], "start_line": 41}, "": {"executed_lines": [], "summary": {"covered_lines": 0, "num_statements": 1750, "percent_covered": 0.0, "percent_covered_display": "0", "missing_lines": 1750, "excluded_lines": 0, "percent_statements_covered": 0.0, "percent_statements_covered_display": "0"}, "missing_lines": [1, 3, 4, 5, 6, 7, 8, 9, 10, 11, 12, 13, 15, 16, 18, 19, 20, 21, 22, 23, 24, 25, 31, 32, 33, 34, 35, 38, 41, 50, 69, 84, 91, 94, 107, 119, 164, 165, 171, 173, 174, 175, 176, 177, 178, 179, 180, 181, 184, 185, 186, 187, 188, 189, 190, 191, 192, 193, 194, 197, 200, 203, 204, 205, 208, 209, 210, 211, 212, 214, 215, 216, 219, 220, 221, 222, 223, 226, 227, 228, 229, 230, 233, 234, 235, 236, 237, 240, 241, 242, 243, 244, 247, 248, 249, 250, 251, 252, 253, 254, 255, 256, 257, 259, 263, 264, 268, 269, 270, 273, 278, 283, 286, 289, 290, 291, 292, 293, 294, 295, 296, 297, 298, 300, 303, 304, 305, 306, 308, 309, 310, 311, 312, 313, 314, 315, 316, 317, 318, 319, 334, 343, 344, 347, 348, 352, 359, 360, 361, 363, 378, 379, 380, 381, 382, 383, 384, 386, 387, 391, 393, 395, 396, 397, 399, 405, 406, 407, 408, 417, 418, 429, 430, 432, 433, 445, 446, 447, 448, 449, 450, 451, 452, 453, 454, 455, 456, 458, 459, 460, 462, 463, 464, 465, 466, 468, 469, 470, 471, 472, 473, 474, 475, 476, 479, 480, 481, 482, 484, 485, 487, 488, 489, 490, 491, 492, 493, 502, 503, 504, 505, 506, 507, 508, 509, 510, 511, 512, 513, 514, 515, 516, 518, 519, 523, 524, 526, 527, 528, 529, 530, 531, 532, 534, 557, 565, 573, 574, 575, 576, 578, 579, 580, 581, 583, 587, 594, 595, 596, 597, 598, 599, 601, 603, 611, 612, 613, 614, 615, 616, 617, 620, 630, 631, 632, 633, 634, 637, 640, 641, 643, 644, 646, 647, 648, 649, 650, 652, 653, 654, 655, 658, 659, 660, 661, 664, 667, 670, 671, 672, 681, 684, 686, 696, 705, 711, 717, 724, 725, 726, 727, 728, 729, 730, 731, 732, 735, 736, 737, 739, 767, 768, 770, 771, 772, 773, 775, 776, 777, 778, 781, 782, 785, 786, 787, 791, 792, 793, 794, 797, 798, 799, 800, 801, 802, 803, 804, 805, 806, 807, 808, 809, 810, 811, 813, 814, 815, 816, 817, 818, 819, 820, 821, 822, 823, 826, 827, 828, 829, 830, 831, 832, 833, 834, 835, 836, 837, 838, 839, 841, 847, 848, 849, 850, 851, 852, 853, 854, 856, 857, 858, 859, 860, 861, 862, 863, 864, 865, 866, 867, 868, 869, 870, 871, 872, 873, 874, 875, 876, 877, 878, 879, 880, 881, 882, 883, 884, 885, 886, 887, 888, 889, 890, 891, 892, 893, 894, 895, 896, 897, 898, 899, 900, 901, 902, 903, 904, 908, 913, 914, 915, 916, 917, 918, 919, 920, 921, 922, 923, 924, 926, 927, 928, 929, 930, 931, 932, 933, 934, 935, 936, 937, 938, 939, 940, 941, 943, 944, 945, 946, 947, 950, 951, 952, 953, 954, 955, 956, 962, 963, 964, 965, 966, 968, 970, 971, 973, 975, 976, 978, 979, 993, 994, 996, 998, 999, 1000, 1001, 1002, 1004, 1005, 1006, 1007, 1008, 1009, 1010, 1011, 1012, 1013, 1014, 1015, 1016, 1018, 1044, 1045, 1050, 1055, 1060, 1065, 1070, 1074, 1079, 1084, 1089, 1093, 1098, 1099, 1108, 1109, 1116, 1118, 1120, 1121, 1122, 1123, 1124, 1125, 1126, 1127, 1128, 1129, 1130, 1131, 1132, 1134, 1135, 1136, 1137, 1138, 1139, 1140, 1141, 1142, 1143, 1145, 1147, 1148, 1149, 1150, 1162, 1163, 1164, 1165, 1167, 1168, 1169, 1178, 1180, 1181, 1192, 1193, 1194, 1195, 1202, 1203, 1204, 1205, 1212, 1213, 1214, 1215, 1216, 1217, 1224, 1225, 1233, 1234, 1235, 1236, 1237, 1239, 1241, 1242, 1243, 1244, 1245, 1246, 1247, 1248, 1250, 1251, 1252, 1253, 1255, 1256, 1257, 1258, 1259, 1260, 1261, 1262, 1263, 1264, 1265, 1267, 1268, 1269, 1270, 1271, 1272, 1273, 1274, 1275, 1276, 1277, 1285, 1287, 1288, 1289, 1290, 1291, 1292, 1293, 1294, 1295, 1300, 1306, 1307, 1312, 1313, 1315, 1316, 1319, 1320, 1321, 1322, 1323, 1324, 1325, 1326, 1327, 1328, 1329, 1330, 1331, 1332, 1342, 1343, 1344, 1345, 1346, 1356, 1357, 1358, 1359, 1360, 1361, 1363, 1364, 1365, 1366, 1367, 1368, 1369, 1371, 1372, 1373, 1374, 1375, 1376, 1377, 1378, 1379, 1380, 1381, 1382, 1383, 1384, 1385, 1386, 1387, 1397, 1398, 1399, 1400, 1401, 1402, 1403, 1404, 1405, 1406, 1407, 1408, 1409, 1410, 1411, 1412, 1413, 1414, 1415, 1416, 1417, 1418, 1419, 1420, 1421, 1426, 1435, 1436, 1442, 1443, 1444, 1446, 1447, 1448, 1449, 1450, 1451, 1452, 1453, 1454, 1455, 1456, 1458, 1459, 1460, 1461, 1462, 1463, 1464, 1465, 1467, 1468, 1469, 1470, 1471, 1472, 1473, 1474, 1475, 1476, 1477, 1478, 1480, 1481, 1482, 1483, 1484, 1485, 1486, 1487, 1489, 1490, 1491, 1492, 1493, 1494, 1495, 1496, 1497, 1498, 1499, 1500, 1501, 1502, 1504, 1505, 1506, 1507, 1508, 1509, 1510, 1511, 1513, 1514, 1515, 1516, 1517, 1518, 1519, 1521, 1522, 1523, 1524, 1525, 1526, 1527, 1529, 1530, 1531, 1532, 1533, 1534, 1535, 1536, 1537, 1538, 1540, 1541, 1543, 1548, 1549, 1550, 1551, 1553, 1554, 1586, 1596, 1597, 1598, 1599, 1600, 1602, 1603, 1604, 1605, 1606, 1607, 1608, 1610, 1611, 1613, 1614, 1615, 1618, 1619, 1620, 1621, 1622, 1623, 1624, 1625, 1629, 1632, 1634, 1635, 1636, 1637, 1638, 1641, 1643, 1644, 1645, 1646, 1647, 1648, 1649, 1651, 1652, 1653, 1654, 1655, 1658, 1659, 1660, 1661, 1663, 1664, 1667, 1668, 1669, 1670, 1671, 1672, 1673, 1675, 1676, 1678, 1683, 1684, 1685, 1689, 1690, 1691, 1692, 1693, 1694, 1696, 1697, 1699, 1700, 1715, 1717, 1718, 1720, 1722, 1723, 1724, 1725, 1726, 1728, 1729, 1730, 1731, 1732, 1734, 1735, 1736, 1737, 1738, 1740, 1741, 1747, 1749, 1750, 1751, 1752, 1753, 1754, 1755, 1756, 1757, 1758, 1759, 1760, 1761, 1762, 1763, 1764, 1765, 1766, 1768, 1777, 1778, 1779, 1780, 1781, 1782, 1783, 1784, 1785, 1786, 1787, 1788, 1790, 1791, 1792, 1793, 1794, 1795, 1796, 1798, 1799, 1800, 1801, 1803, 1804, 1805, 1806, 1807, 1808, 1809, 1810, 1811, 1812, 1813, 1814, 1815, 1825, 1826, 1827, 1828, 1830, 1831, 1832, 1833, 1834, 1844, 1845, 1846, 1847, 1848, 1849, 1850, 1852, 1853, 1855, 1856, 1857, 1858, 1860, 1890, 1891, 1892, 1893, 1894, 1895, 1896, 1897, 1899, 1900, 1901, 1902, 1903, 1904, 1905, 1906, 1912, 1922, 1923, 1925, 1934, 1943, 1944, 1946, 1947, 1948, 1950, 1951, 1952, 1953, 1954, 1955, 1956, 1957, 1958, 1959, 1960, 1961, 1962, 1964, 1965, 1966, 1967, 1968, 1969, 1973, 1977, 1978, 1979, 1980, 1981, 1982, 1983, 1984, 1986, 1987, 1989, 1990, 1991, 1992, 1993, 1999, 2012, 2013, 2014, 2015, 2016, 2017, 2018, 2019, 2020, 2021, 2022, 2023, 2024, 2025, 2026, 2032, 2033, 2034, 2035, 2036, 2037, 2039, 2041, 2042, 2043, 2044, 2045, 2046, 2047, 2048, 2049, 2050, 2051, 2052, 2053, 2054, 2055, 2056, 2057, 2058, 2059, 2060, 2071, 2073, 2074, 2075, 2076, 2077, 2079, 2080, 2081, 2082, 2083, 2085, 2086, 2087, 2088, 2089, 2090, 2091, 2092, 2094, 2096, 2097, 2098, 2099, 2100, 2101, 2102, 2104, 2105, 2106, 2107, 2112, 2113, 2114, 2115, 2116, 2117, 2118, 2119, 2123, 2124, 2125, 2126, 2128, 2132, 2133, 2134, 2135, 2136, 2137, 2141, 2142, 2143, 2145, 2146, 2147, 2148, 2149, 2150, 2151, 2152, 2157, 2159, 2160, 2161, 2162, 2163, 2164, 2165, 2166, 2171, 2173, 2174, 2176, 2177, 2178, 2179, 2180, 2181, 2182, 2183, 2184, 2185, 2188, 2189, 2190, 2194, 2195, 2196, 2197, 2198, 2199, 2200, 2201, 2202, 2203, 2204, 2205, 2206, 2208, 2209, 2210, 2211, 2212, 2213, 2214, 2215, 2217, 2222, 2223, 2224, 2225, 2226, 2227, 2228, 2229, 2230, 2231, 2232, 2239, 2243, 2244, 2245, 2246, 2251, 2252, 2253, 2254, 2255, 2256, 2257, 2259, 2262, 2263, 2264, 2265, 2266, 2270, 2271, 2272, 2273, 2274, 2275, 2276, 2277, 2278, 2279, 2280, 2281, 2284, 2285, 2286, 2287, 2288, 2289, 2290, 2292, 2296, 2297, 2298, 2302, 2309, 2310, 2317, 2318, 2319, 2323, 2324, 2325, 2326, 2327, 2328, 2329, 2330, 2331, 2336, 2337, 2338, 2339, 2340, 2341, 2344, 2348, 2357, 2358, 2368, 2369, 2370, 2372, 2373, 2380, 2381, 2389, 2390, 2391, 2393, 2394, 2395, 2396, 2400, 2401, 2402, 2403, 2406, 2407, 2409, 2415, 2416, 2417, 2418, 2419, 2423, 2424, 2425, 2426, 2427, 2428, 2429, 2430, 2431, 2432, 2433, 2434, 2439, 2440, 2441, 2443, 2444, 2445, 2447, 2448, 2449, 2450, 2451, 2452, 2453, 2458, 2459, 2460, 2462, 2463, 2464, 2465, 2466, 2467, 2468, 2469, 2470, 2472, 2473, 2474, 2475, 2481, 2483, 2485, 2486, 2487, 2488, 2489, 2490, 2491, 2492, 2493, 2494, 2495, 2496, 2497, 2498, 2499, 2500, 2501, 2502, 2503, 2504, 2507, 2508, 2509, 2510, 2513, 2514, 2515, 2516, 2519, 2520, 2522, 2523, 2524, 2535, 2536, 2540, 2541, 2542, 2543, 2549, 2553, 2554, 2556, 2558, 2559, 2560, 2561, 2562, 2563, 2564, 2565, 2566, 2567, 2574, 2575, 2577, 2578, 2581, 2582, 2583, 2584, 2585, 2586, 2587, 2588, 2589, 2590, 2594, 2595, 2598, 2599, 2600, 2601, 2602, 2603, 2604, 2605, 2607, 2608, 2609, 2610, 2611, 2612, 2613, 2616, 2617, 2619, 2620, 2621, 2624, 2625, 2626, 2630, 2631, 2632, 2635, 2639, 2640, 2641, 2642, 2643, 2645, 2646, 2647, 2651, 2652, 2653, 2654, 2662, 2663, 2664, 2665, 2667, 2668, 2669, 2675, 2679, 2682, 2685, 2686, 2687, 2688, 2689, 2690, 2691, 2692, 2693, 2694, 2699, 2700, 2701, 2705, 2706, 2718, 2724, 2730, 2731, 2734, 2735, 2736, 2737, 2738, 2741, 2742, 2743, 2744, 2745, 2746, 2747, 2749, 2750, 2751, 2752, 2753, 2754, 2758, 2763, 2764, 2768, 2770, 2771, 2772, 2773, 2776, 2777, 2778, 2779, 2780, 2781, 2782, 2783, 2784, 2785, 2786, 2787, 2791, 2801, 2802, 2803, 2804, 2805, 2806, 2809, 2810, 2811, 2812, 2813, 2816, 2817, 2818, 2821, 2822, 2823, 2824, 2825, 2832, 2833, 2835, 2836, 2837, 2847, 2853, 2854, 2860, 2861, 2862, 2863, 2869, 2870, 2871, 2872, 2873, 2874, 2875, 2876, 2877, 2878, 2883, 2884, 2890, 2901, 2907, 2908, 2909, 2910, 2911, 2912, 2923, 2926, 2928, 2929, 2933, 2944, 2953, 2955, 2956, 2957, 2961, 2971, 2972, 2978, 2979, 2984, 2995, 2996, 2997, 2998, 2999, 3000, 3001, 3002, 3003, 3004, 3005, 3008, 3009, 3010, 3011, 3012, 3013, 3014, 3015, 3016, 3017, 3018, 3019, 3020, 3021, 3022, 3023, 3052, 3053, 3054, 3055, 3057, 3058, 3059, 3060, 3061, 3064, 3065, 3066, 3067, 3068, 3069, 3070, 3071, 3075, 3076, 3077, 3133, 3134, 3135, 3136, 3138, 3139, 3140, 3141, 3142, 3144, 3145, 3146, 3151, 3152, 3156, 3157, 3160, 3161, 3171, 3172, 3173, 3182, 3183, 3184, 3185, 3186, 3187, 3188, 3189, 3190, 3191, 3193, 3194, 3195, 3202, 3203, 3213, 3214, 3216, 3217, 3218, 3219, 3225, 3226, 3228, 3229, 3230, 3231, 3232, 3234, 3235, 3236, 3237, 3240, 3241, 3242, 3243, 3244, 3245, 3246, 3247, 3248, 3252, 3258, 3259, 3260, 3261, 3263, 3264, 3265, 3266, 3273, 3274, 3275, 3276, 3277, 3278, 3283, 3284, 3285, 3286, 3287, 3293, 3294, 3296, 3303, 3308, 3309, 3312, 3313, 3314, 3315, 3316, 3317, 3318, 3319, 3320, 3321, 3324, 3325, 3326, 3327, 3328, 3329, 3330, 3331, 3334, 3335, 3336, 3337, 3338], "excluded_lines": [], "start_line": 1}}}}, "totals": {"covered_lines": 146, "num_statements": 7242, "percent_covered": 2.016017674675504, "percent_covered_display": "2", "missing_lines": 7096, "excluded_lines": 5, "percent_statements_covered": 2.016017674675504, "percent_statements_covered_display": "2"}}